#
# There is insufficient memory for the Java Runtime Environment to continue.
# Native memory allocation (malloc) failed to allocate 386512 bytes. Error detail: Chunk::new
# Possible reasons:
#   The system is out of physical RAM or swap space
#   This process is running with CompressedOops enabled, and the Java Heap may be blocking the growth of the native heap
# Possible solutions:
#   Reduce memory load on the system
#   Increase physical memory or swap space
#   Check if swap backing store is full
#   Decrease Java heap size (-Xmx/-Xms)
#   Decrease number of Java threads
#   Decrease Java thread stack sizes (-Xss)
#   Set larger code cache with -XX:ReservedCodeCacheSize=
#   JVM is running with Unscaled Compressed Oops mode in which the Java heap is
#     placed in the first 4GB address space. The Java Heap base address is the
#     maximum limit for the native heap growth. Please use -XX:HeapBaseMinAddress
#     to set the Java Heap base and to place the Java Heap above 4GB virtual address.
# This output file may be truncated or incomplete.
#
#  Out of Memory Error (arena.cpp:168), pid=20892, tid=22780
#
# JRE version: OpenJDK Runtime Environment Temurin-21.0.10+7 (21.0.10+7) (build 21.0.10+7-LTS)
# Java VM: OpenJDK 64-Bit Server VM Temurin-21.0.10+7 (21.0.10+7-LTS, mixed mode, sharing, tiered, compressed oops, compressed class ptrs, parallel gc, windows-amd64)
# No core dump will be written. Minidumps are not enabled by default on client versions of Windows
#

---------------  S U M M A R Y ------------

Command Line: --add-modules=ALL-SYSTEM --add-opens=java.base/java.util=ALL-UNNAMED --add-opens=java.base/java.lang=ALL-UNNAMED --add-opens=java.base/sun.nio.fs=ALL-UNNAMED -Declipse.application=org.eclipse.jdt.ls.core.id1 -Dosgi.bundles.defaultStartLevel=4 -Declipse.product=org.eclipse.jdt.ls.core.product -Djava.import.generatesMetadataFilesAtProjectRoot=false -DDetectVMInstallationsJob.disabled=true -Dfile.encoding=utf8 -XX:+UseParallelGC -XX:GCTimeRatio=4 -XX:AdaptiveSizePolicyWeight=90 -Dsun.zip.disableMemoryMapping=true -Xmx2G -Xms100m -Xlog:disable -javaagent:c:\Users\USER\.vscode\extensions\redhat.java-1.53.0-win32-x64\lombok\lombok-1.18.39-4050.jar c:\Users\USER\.vscode\extensions\redhat.java-1.53.0-win32-x64\server\plugins\org.eclipse.equinox.launcher_1.7.100.v20251111-0406.jar -configuration c:\Users\USER\AppData\Roaming\Code\User\globalStorage\redhat.java\1.53.0\config_ss_win -data c:\Users\USER\AppData\Roaming\Code\User\workspaceStorage\c24a9c9a986f40af2c2287fd199f902c\redhat.java\ss_ws --pipe=\\.\pipe\lsp-a42b24da206f1402ac1537daf3fca87c-sock

Host: 11th Gen Intel(R) Core(TM) i3-1115G4 @ 3.00GHz, 4 cores, 3G,  Windows 11 , 64 bit Build 22621 (10.0.22621.5415)
Time: Sun Mar  1 22:32:41 2026 Sri Lanka Standard Time elapsed time: 1209.077322 seconds (0d 0h 20m 9s)

---------------  T H R E A D  ---------------

Current thread (0x000001ae7bf93ec0):  JavaThread "C2 CompilerThread0" daemon [_thread_in_native, id=22780, stack(0x0000005117900000,0x0000005117a00000) (1024K)]


Current CompileTask:
C2:1209078 6596       4       org.eclipse.core.internal.dtree.AbstractDataTreeNode::storeStrings (42 bytes)

Stack: [0x0000005117900000,0x0000005117a00000]
Native frames: (J=compiled Java code, j=interpreted, Vv=VM code, C=native code)
V  [jvm.dll+0x6d7a39]
V  [jvm.dll+0x8b4b26]
V  [jvm.dll+0x8b70de]
V  [jvm.dll+0x8b77c3]
V  [jvm.dll+0x284346]
V  [jvm.dll+0xc66ed]
V  [jvm.dll+0xc6c31]
V  [jvm.dll+0x3bec3b]
V  [jvm.dll+0x38b162]
V  [jvm.dll+0x38a5aa]
V  [jvm.dll+0x24c560]
V  [jvm.dll+0x24bb40]
V  [jvm.dll+0x1cb34e]
V  [jvm.dll+0x25b85d]
V  [jvm.dll+0x259dea]
V  [jvm.dll+0x3f857e]
V  [jvm.dll+0x85f59d]
V  [jvm.dll+0x6d626d]
C  [ucrtbase.dll+0x29333]
C  [KERNEL32.DLL+0x1259d]
C  [ntdll.dll+0x5af78]


---------------  P R O C E S S  ---------------

Threads class SMR info:
_java_thread_list=0x000001ae7d3a4870, length=27, elements={
0x000001ae6559e5b0, 0x000001ae7bf89560, 0x000001ae7bf8b2f0, 0x000001ae7bf8d300,
0x000001ae7bf8e310, 0x000001ae7bf8f320, 0x000001ae7bf92f90, 0x000001ae7bf93ec0,
0x000001ae7c0055c0, 0x000001ae7ccf22b0, 0x000001ae7cee8460, 0x000001ae7d2d2980,
0x000001ae7d78b050, 0x000001ae7d600030, 0x000001ae7d3f37c0, 0x000001ae7da955e0,
0x000001ae7ce3e3b0, 0x000001ae7d5f2df0, 0x000001ae7d5f20d0, 0x000001ae7d5f13b0,
0x000001ae7d5f3480, 0x000001ae7d5f0000, 0x000001ae7d5f0690, 0x000001ae7d5f2760,
0x000001ae7d5f1a40, 0x000001ae7d5f0d20, 0x000001ae7e3934e0
}

Java Threads: ( => current thread )
  0x000001ae6559e5b0 JavaThread "main"                              [_thread_blocked, id=23136, stack(0x0000005116e00000,0x0000005116f00000) (1024K)]
  0x000001ae7bf89560 JavaThread "Reference Handler"          daemon [_thread_blocked, id=25244, stack(0x0000005117300000,0x0000005117400000) (1024K)]
  0x000001ae7bf8b2f0 JavaThread "Finalizer"                  daemon [_thread_blocked, id=26296, stack(0x0000005117400000,0x0000005117500000) (1024K)]
  0x000001ae7bf8d300 JavaThread "Signal Dispatcher"          daemon [_thread_blocked, id=10764, stack(0x0000005117500000,0x0000005117600000) (1024K)]
  0x000001ae7bf8e310 JavaThread "Attach Listener"            daemon [_thread_blocked, id=21988, stack(0x0000005117600000,0x0000005117700000) (1024K)]
  0x000001ae7bf8f320 JavaThread "Service Thread"             daemon [_thread_blocked, id=26292, stack(0x0000005117700000,0x0000005117800000) (1024K)]
  0x000001ae7bf92f90 JavaThread "Monitor Deflation Thread"   daemon [_thread_blocked, id=24836, stack(0x0000005117800000,0x0000005117900000) (1024K)]
=>0x000001ae7bf93ec0 JavaThread "C2 CompilerThread0"         daemon [_thread_in_native, id=22780, stack(0x0000005117900000,0x0000005117a00000) (1024K)]
  0x000001ae7c0055c0 JavaThread "C1 CompilerThread0"         daemon [_thread_blocked, id=16668, stack(0x0000005117a00000,0x0000005117b00000) (1024K)]
  0x000001ae7ccf22b0 JavaThread "Common-Cleaner"             daemon [_thread_blocked, id=5892, stack(0x0000005117b00000,0x0000005117c00000) (1024K)]
  0x000001ae7cee8460 JavaThread "Notification Thread"        daemon [_thread_blocked, id=16368, stack(0x0000005117c00000,0x0000005117d00000) (1024K)]
  0x000001ae7d2d2980 JavaThread "Active Thread: Equinox Container: 22a52e9a-f98a-4e22-86c4-45e431abdd95"        [_thread_blocked, id=23752, stack(0x0000005118000000,0x0000005118100000) (1024K)]
  0x000001ae7d78b050 JavaThread "Framework Event Dispatcher: Equinox Container: 22a52e9a-f98a-4e22-86c4-45e431abdd95" daemon [_thread_blocked, id=19344, stack(0x0000005118100000,0x0000005118200000) (1024K)]
  0x000001ae7d600030 JavaThread "Start Level: Equinox Container: 22a52e9a-f98a-4e22-86c4-45e431abdd95" daemon [_thread_blocked, id=17184, stack(0x0000005118200000,0x0000005118300000) (1024K)]
  0x000001ae7d3f37c0 JavaThread "SCR Component Actor"        daemon [_thread_blocked, id=21712, stack(0x0000005118300000,0x0000005118400000) (1024K)]
  0x000001ae7da955e0 JavaThread "Worker-JM"                         [_thread_blocked, id=6416, stack(0x0000005118400000,0x0000005118500000) (1024K)]
  0x000001ae7ce3e3b0 JavaThread "JNA Cleaner"                daemon [_thread_blocked, id=22024, stack(0x0000005118500000,0x0000005118600000) (1024K)]
  0x000001ae7d5f2df0 JavaThread "Worker-1"                          [_thread_blocked, id=20856, stack(0x0000005118700000,0x0000005118800000) (1024K)]
  0x000001ae7d5f20d0 JavaThread "Thread-1"                   daemon [_thread_in_native, id=20536, stack(0x0000005118800000,0x0000005118900000) (1024K)]
  0x000001ae7d5f13b0 JavaThread "Thread-2"                   daemon [_thread_in_native, id=22220, stack(0x0000005118900000,0x0000005118a00000) (1024K)]
  0x000001ae7d5f3480 JavaThread "Thread-3"                   daemon [_thread_in_native, id=20728, stack(0x0000005118a00000,0x0000005118b00000) (1024K)]
  0x000001ae7d5f0000 JavaThread "Thread-4"                   daemon [_thread_in_native, id=16568, stack(0x0000005118b00000,0x0000005118c00000) (1024K)]
  0x000001ae7d5f0690 JavaThread "Thread-5"                   daemon [_thread_in_native, id=18248, stack(0x0000005118c00000,0x0000005118d00000) (1024K)]
  0x000001ae7d5f2760 JavaThread "pool-2-thread-1"                   [_thread_blocked, id=12224, stack(0x0000005118d00000,0x0000005118e00000) (1024K)]
  0x000001ae7d5f1a40 JavaThread "WorkspaceEventsHandler"            [_thread_blocked, id=25764, stack(0x0000005118e00000,0x0000005118f00000) (1024K)]
  0x000001ae7d5f0d20 JavaThread "pool-1-thread-1"                   [_thread_blocked, id=18588, stack(0x0000005118f00000,0x0000005119000000) (1024K)]
  0x000001ae7e3934e0 JavaThread "Worker-3"                          [_thread_blocked, id=15160, stack(0x0000005119100000,0x0000005119200000) (1024K)]
Total: 27

Other Threads:
  0x000001ae6565dee0 VMThread "VM Thread"                           [id=24132, stack(0x0000005117200000,0x0000005117300000) (1024K)]
  0x000001ae65608990 WatcherThread "VM Periodic Task Thread"        [id=23736, stack(0x0000005117100000,0x0000005117200000) (1024K)]
  0x000001ae655bc2f0 WorkerThread "GC Thread#0"                     [id=18276, stack(0x0000005117000000,0x0000005117100000) (1024K)]
  0x000001ae7d3ac440 WorkerThread "GC Thread#1"                     [id=25268, stack(0x0000005117d00000,0x0000005117e00000) (1024K)]
  0x000001ae7d3ad3a0 WorkerThread "GC Thread#2"                     [id=13256, stack(0x0000005117e00000,0x0000005117f00000) (1024K)]
  0x000001ae7d4fe7b0 WorkerThread "GC Thread#3"                     [id=17888, stack(0x0000005117f00000,0x0000005118000000) (1024K)]
Total: 6

Threads with active compile tasks:
C2 CompilerThread0  1209165 6596       4       org.eclipse.core.internal.dtree.AbstractDataTreeNode::storeStrings (42 bytes)
Total: 1

VM state: not at safepoint (normal execution)

VM Mutex/Monitor currently owned by a thread: None

Heap address: 0x0000000080000000, size: 2048 MB, Compressed Oops mode: 32-bit

CDS archive(s) mapped at: [0x000001ae00000000-0x000001ae00ba0000-0x000001ae00ba0000), size 12189696, SharedBaseAddress: 0x000001ae00000000, ArchiveRelocationMode: 1.
Compressed class space mapped at: 0x000001ae01000000-0x000001ae41000000, reserved size: 1073741824
Narrow klass base: 0x000001ae00000000, Narrow klass shift: 0, Narrow klass range: 0x100000000

GC Precious Log:
 CardTable entry size: 512
 CPUs: 4 total, 4 available
 Memory: 3818M
 Large Page Support: Disabled
 NUMA Support: Disabled
 Compressed Oops: Enabled (32-bit)
 Alignments: Space 512K, Generation 512K, Heap 2M
 Heap Min Capacity: 100M
 Heap Initial Capacity: 100M
 Heap Max Capacity: 2G
 Pre-touch: Disabled
 Parallel Workers: 4

Heap:
 PSYoungGen      total 21504K, used 16391K [0x00000000d5580000, 0x00000000d6f00000, 0x0000000100000000)
  eden space 19968K, 74% used [0x00000000d5580000,0x00000000d6405d60,0x00000000d6900000)
  from space 1536K, 98% used [0x00000000d6900000,0x00000000d6a7c050,0x00000000d6a80000)
  to   space 3072K, 0% used [0x00000000d6c00000,0x00000000d6c00000,0x00000000d6f00000)
 ParOldGen       total 68608K, used 31613K [0x0000000080000000, 0x0000000084300000, 0x00000000d5580000)
  object space 68608K, 46% used [0x0000000080000000,0x0000000081edf4a0,0x0000000084300000)
 Metaspace       used 44788K, committed 45888K, reserved 1114112K
  class space    used 4491K, committed 4992K, reserved 1048576K

Card table byte_map: [0x000001ae64f40000,0x000001ae65350000] _byte_map_base: 0x000001ae64b40000

Marking Bits: (ParMarkBitMap*) 0x00007ff958c13450
 Begin Bits: [0x000001ae77a50000, 0x000001ae79a50000)
 End Bits:   [0x000001ae79a50000, 0x000001ae7ba50000)

Polling page: 0x000001ae63370000

Metaspace:

Usage:
  Non-class:     39.35 MB used.
      Class:      4.39 MB used.
       Both:     43.74 MB used.

Virtual space:
  Non-class space:       64.00 MB reserved,      39.94 MB ( 62%) committed,  1 nodes.
      Class space:        1.00 GB reserved,       4.88 MB ( <1%) committed,  1 nodes.
             Both:        1.06 GB reserved,      44.81 MB (  4%) committed. 

Chunk freelists:
   Non-Class:  7.19 MB
       Class:  10.95 MB
        Both:  18.14 MB

MaxMetaspaceSize: unlimited
CompressedClassSpaceSize: 1.00 GB
Initial GC threshold: 21.00 MB
Current GC threshold: 58.38 MB
CDS: on
 - commit_granule_bytes: 65536.
 - commit_granule_words: 8192.
 - virtual_space_node_default_size: 8388608.
 - enlarge_chunks_in_place: 1.
 - use_allocation_guard: 0.


Internal statistics:

num_allocs_failed_limit: 6.
num_arena_births: 842.
num_arena_deaths: 24.
num_vsnodes_births: 2.
num_vsnodes_deaths: 0.
num_space_committed: 717.
num_space_uncommitted: 0.
num_chunks_returned_to_freelist: 32.
num_chunks_taken_from_freelist: 2761.
num_chunk_merges: 15.
num_chunk_splits: 1753.
num_chunks_enlarged: 1090.
num_inconsistent_stats: 0.

CodeHeap 'non-profiled nmethods': size=120000Kb used=3965Kb max_used=3965Kb free=116034Kb
 bounds [0x000001ae70270000, 0x000001ae70650000, 0x000001ae777a0000]
CodeHeap 'profiled nmethods': size=120000Kb used=13693Kb max_used=13693Kb free=106306Kb
 bounds [0x000001ae687a0000, 0x000001ae69500000, 0x000001ae6fcd0000]
CodeHeap 'non-nmethods': size=5760Kb used=1417Kb max_used=1468Kb free=4342Kb
 bounds [0x000001ae6fcd0000, 0x000001ae6ff40000, 0x000001ae70270000]
CodeCache: size=245760Kb, used=19075Kb, max_used=19126Kb, free=226682Kb
 total_blobs=6917, nmethods=6197, adapters=626, full_count=0
Compilation: enabled, stopped_count=0, restarted_count=0

Compilation events (20 events):
Event: 1067.590 Thread 0x000001ae7c0055c0 nmethod 6583 0x000001ae694fd390 code [0x000001ae694fd580, 0x000001ae694fdaf0]
Event: 1067.592 Thread 0x000001ae7bf93ec0 6587       4       org.eclipse.core.internal.dtree.AbstractDataTreeNode::<init> (34 bytes)
Event: 1067.593 Thread 0x000001ae7bf93ec0 nmethod 6587 0x000001ae7064d610 code [0x000001ae7064d7a0, 0x000001ae7064d888]
Event: 1067.597 Thread 0x000001ae7c0055c0 6588       1       org.eclipse.core.internal.dtree.DeltaDataTree::setRootNode (6 bytes)
Event: 1067.597 Thread 0x000001ae7c0055c0 nmethod 6588 0x000001ae7064d990 code [0x000001ae7064db20, 0x000001ae7064dc08]
Event: 1079.212 Thread 0x000001ae7c0055c0 6589       3       java.util.IdentityHashMap$KeyIterator::next (13 bytes)
Event: 1079.213 Thread 0x000001ae7c0055c0 nmethod 6589 0x000001ae694fdd90 code [0x000001ae694fdf60, 0x000001ae694fe200]
Event: 1079.213 Thread 0x000001ae7c0055c0 6590       3       java.util.IdentityHashMap$IdentityHashMapIterator::nextIndex (72 bytes)
Event: 1079.215 Thread 0x000001ae7c0055c0 nmethod 6590 0x000001ae694fe310 code [0x000001ae694fe500, 0x000001ae694fe938]
Event: 1079.215 Thread 0x000001ae7c0055c0 6591       3       java.util.IdentityHashMap::unmaskNull (13 bytes)
Event: 1079.215 Thread 0x000001ae7c0055c0 nmethod 6591 0x000001ae694feb10 code [0x000001ae694fecc0, 0x000001ae694fee08]
Event: 1086.094 Thread 0x000001ae7bf93ec0 6592       4       org.eclipse.osgi.container.ModuleDatabase::readUnlock (11 bytes)
Event: 1086.105 Thread 0x000001ae7bf93ec0 nmethod 6592 0x000001ae7064dc90 code [0x000001ae7064de40, 0x000001ae7064e030]
Event: 1208.783 Thread 0x000001ae7c0055c0 6593       3       org.eclipse.core.runtime.jobs.Job::getJobGroup (5 bytes)
Event: 1208.806 Thread 0x000001ae7c0055c0 nmethod 6593 0x000001ae694fee90 code [0x000001ae694ff020, 0x000001ae694ff140]
Event: 1208.894 Thread 0x000001ae7bf93ec0 6594       4       org.eclipse.core.internal.utils.StringPool::add (50 bytes)
Event: 1208.960 Thread 0x000001ae7c0055c0 6598       3       java.util.HashMap$Node::setValue (12 bytes)
Event: 1208.962 Thread 0x000001ae7c0055c0 nmethod 6598 0x000001ae694ff210 code [0x000001ae694ff3a0, 0x000001ae694ff4c8]
Event: 1209.000 Thread 0x000001ae7bf93ec0 nmethod 6594 0x000001ae7064e290 code [0x000001ae7064e4c0, 0x000001ae7064edc0]
Event: 1209.000 Thread 0x000001ae7bf93ec0 6596       4       org.eclipse.core.internal.dtree.AbstractDataTreeNode::storeStrings (42 bytes)

GC Heap History (20 events):
Event: 80.910 GC heap before
{Heap before GC invocations=16 (full 1):
 PSYoungGen      total 22528K, used 22112K [0x00000000d5580000, 0x00000000d6f00000, 0x0000000100000000)
  eden space 19968K, 100% used [0x00000000d5580000,0x00000000d6900000,0x00000000d6900000)
  from space 2560K, 83% used [0x00000000d6c80000,0x00000000d6e98020,0x00000000d6f00000)
  to   space 2560K, 0% used [0x00000000d6900000,0x00000000d6900000,0x00000000d6b80000)
 ParOldGen       total 68608K, used 23238K [0x0000000080000000, 0x0000000084300000, 0x00000000d5580000)
  object space 68608K, 33% used [0x0000000080000000,0x00000000816b1b80,0x0000000084300000)
 Metaspace       used 32510K, committed 33536K, reserved 1114112K
  class space    used 3263K, committed 3712K, reserved 1048576K
}
Event: 80.920 GC heap after
{Heap after GC invocations=16 (full 1):
 PSYoungGen      total 22528K, used 2240K [0x00000000d5580000, 0x00000000d6e00000, 0x0000000100000000)
  eden space 19968K, 0% used [0x00000000d5580000,0x00000000d5580000,0x00000000d6900000)
  from space 2560K, 87% used [0x00000000d6900000,0x00000000d6b30010,0x00000000d6b80000)
  to   space 2560K, 0% used [0x00000000d6b80000,0x00000000d6b80000,0x00000000d6e00000)
 ParOldGen       total 68608K, used 25358K [0x0000000080000000, 0x0000000084300000, 0x00000000d5580000)
  object space 68608K, 36% used [0x0000000080000000,0x00000000818c3ba0,0x0000000084300000)
 Metaspace       used 32510K, committed 33536K, reserved 1114112K
  class space    used 3263K, committed 3712K, reserved 1048576K
}
Event: 83.119 GC heap before
{Heap before GC invocations=17 (full 1):
 PSYoungGen      total 22528K, used 22208K [0x00000000d5580000, 0x00000000d6e00000, 0x0000000100000000)
  eden space 19968K, 100% used [0x00000000d5580000,0x00000000d6900000,0x00000000d6900000)
  from space 2560K, 87% used [0x00000000d6900000,0x00000000d6b30010,0x00000000d6b80000)
  to   space 2560K, 0% used [0x00000000d6b80000,0x00000000d6b80000,0x00000000d6e00000)
 ParOldGen       total 68608K, used 25358K [0x0000000080000000, 0x0000000084300000, 0x00000000d5580000)
  object space 68608K, 36% used [0x0000000080000000,0x00000000818c3ba0,0x0000000084300000)
 Metaspace       used 33091K, committed 34048K, reserved 1114112K
  class space    used 3332K, committed 3776K, reserved 1048576K
}
Event: 83.139 GC heap after
{Heap after GC invocations=17 (full 1):
 PSYoungGen      total 22016K, used 1656K [0x00000000d5580000, 0x00000000d6d80000, 0x0000000100000000)
  eden space 19968K, 0% used [0x00000000d5580000,0x00000000d5580000,0x00000000d6900000)
  from space 2048K, 80% used [0x00000000d6b80000,0x00000000d6d1e200,0x00000000d6d80000)
  to   space 2048K, 0% used [0x00000000d6980000,0x00000000d6980000,0x00000000d6b80000)
 ParOldGen       total 68608K, used 27558K [0x0000000080000000, 0x0000000084300000, 0x00000000d5580000)
  object space 68608K, 40% used [0x0000000080000000,0x0000000081ae9bb0,0x0000000084300000)
 Metaspace       used 33091K, committed 34048K, reserved 1114112K
  class space    used 3332K, committed 3776K, reserved 1048576K
}
Event: 89.396 GC heap before
{Heap before GC invocations=18 (full 1):
 PSYoungGen      total 22016K, used 19234K [0x00000000d5580000, 0x00000000d6d80000, 0x0000000100000000)
  eden space 19968K, 88% used [0x00000000d5580000,0x00000000d66aa8a0,0x00000000d6900000)
  from space 2048K, 80% used [0x00000000d6b80000,0x00000000d6d1e200,0x00000000d6d80000)
  to   space 2048K, 0% used [0x00000000d6980000,0x00000000d6980000,0x00000000d6b80000)
 ParOldGen       total 68608K, used 27558K [0x0000000080000000, 0x0000000084300000, 0x00000000d5580000)
  object space 68608K, 40% used [0x0000000080000000,0x0000000081ae9bb0,0x0000000084300000)
 Metaspace       used 34863K, committed 35840K, reserved 1114112K
  class space    used 3551K, committed 4032K, reserved 1048576K
}
Event: 89.411 GC heap after
{Heap after GC invocations=18 (full 1):
 PSYoungGen      total 20992K, used 540K [0x00000000d5580000, 0x00000000d6c00000, 0x0000000100000000)
  eden space 19968K, 0% used [0x00000000d5580000,0x00000000d5580000,0x00000000d6900000)
  from space 1024K, 52% used [0x00000000d6980000,0x00000000d6a07280,0x00000000d6a80000)
  to   space 1024K, 0% used [0x00000000d6b00000,0x00000000d6b00000,0x00000000d6c00000)
 ParOldGen       total 68608K, used 29159K [0x0000000080000000, 0x0000000084300000, 0x00000000d5580000)
  object space 68608K, 42% used [0x0000000080000000,0x0000000081c79ca8,0x0000000084300000)
 Metaspace       used 34863K, committed 35840K, reserved 1114112K
  class space    used 3551K, committed 4032K, reserved 1048576K
}
Event: 89.412 GC heap before
{Heap before GC invocations=19 (full 2):
 PSYoungGen      total 20992K, used 540K [0x00000000d5580000, 0x00000000d6c00000, 0x0000000100000000)
  eden space 19968K, 0% used [0x00000000d5580000,0x00000000d5580000,0x00000000d6900000)
  from space 1024K, 52% used [0x00000000d6980000,0x00000000d6a07280,0x00000000d6a80000)
  to   space 1024K, 0% used [0x00000000d6b00000,0x00000000d6b00000,0x00000000d6c00000)
 ParOldGen       total 68608K, used 29159K [0x0000000080000000, 0x0000000084300000, 0x00000000d5580000)
  object space 68608K, 42% used [0x0000000080000000,0x0000000081c79ca8,0x0000000084300000)
 Metaspace       used 34863K, committed 35840K, reserved 1114112K
  class space    used 3551K, committed 4032K, reserved 1048576K
}
Event: 90.412 GC heap after
{Heap after GC invocations=19 (full 2):
 PSYoungGen      total 20992K, used 0K [0x00000000d5580000, 0x00000000d6c00000, 0x0000000100000000)
  eden space 19968K, 0% used [0x00000000d5580000,0x00000000d5580000,0x00000000d6900000)
  from space 1024K, 0% used [0x00000000d6980000,0x00000000d6980000,0x00000000d6a80000)
  to   space 1024K, 0% used [0x00000000d6b00000,0x00000000d6b00000,0x00000000d6c00000)
 ParOldGen       total 68608K, used 28387K [0x0000000080000000, 0x0000000084300000, 0x00000000d5580000)
  object space 68608K, 41% used [0x0000000080000000,0x0000000081bb8f28,0x0000000084300000)
 Metaspace       used 34855K, committed 35840K, reserved 1114112K
  class space    used 3549K, committed 4032K, reserved 1048576K
}
Event: 92.825 GC heap before
{Heap before GC invocations=20 (full 2):
 PSYoungGen      total 20992K, used 19968K [0x00000000d5580000, 0x00000000d6c00000, 0x0000000100000000)
  eden space 19968K, 100% used [0x00000000d5580000,0x00000000d6900000,0x00000000d6900000)
  from space 1024K, 0% used [0x00000000d6980000,0x00000000d6980000,0x00000000d6a80000)
  to   space 1024K, 0% used [0x00000000d6b00000,0x00000000d6b00000,0x00000000d6c00000)
 ParOldGen       total 68608K, used 28387K [0x0000000080000000, 0x0000000084300000, 0x00000000d5580000)
  object space 68608K, 41% used [0x0000000080000000,0x0000000081bb8f28,0x0000000084300000)
 Metaspace       used 36142K, committed 37120K, reserved 1114112K
  class space    used 3666K, committed 4096K, reserved 1048576K
}
Event: 92.827 GC heap after
{Heap after GC invocations=20 (full 2):
 PSYoungGen      total 20480K, used 448K [0x00000000d5580000, 0x00000000d6b80000, 0x0000000100000000)
  eden space 19968K, 0% used [0x00000000d5580000,0x00000000d5580000,0x00000000d6900000)
  from space 512K, 87% used [0x00000000d6b00000,0x00000000d6b70010,0x00000000d6b80000)
  to   space 1024K, 0% used [0x00000000d6980000,0x00000000d6980000,0x00000000d6a80000)
 ParOldGen       total 68608K, used 28395K [0x0000000080000000, 0x0000000084300000, 0x00000000d5580000)
  object space 68608K, 41% used [0x0000000080000000,0x0000000081bbaf28,0x0000000084300000)
 Metaspace       used 36142K, committed 37120K, reserved 1114112K
  class space    used 3666K, committed 4096K, reserved 1048576K
}
Event: 94.656 GC heap before
{Heap before GC invocations=21 (full 2):
 PSYoungGen      total 20480K, used 20416K [0x00000000d5580000, 0x00000000d6b80000, 0x0000000100000000)
  eden space 19968K, 100% used [0x00000000d5580000,0x00000000d6900000,0x00000000d6900000)
  from space 512K, 87% used [0x00000000d6b00000,0x00000000d6b70010,0x00000000d6b80000)
  to   space 1024K, 0% used [0x00000000d6980000,0x00000000d6980000,0x00000000d6a80000)
 ParOldGen       total 68608K, used 28395K [0x0000000080000000, 0x0000000084300000, 0x00000000d5580000)
  object space 68608K, 41% used [0x0000000080000000,0x0000000081bbaf28,0x0000000084300000)
 Metaspace       used 38990K, committed 40000K, reserved 1114112K
  class space    used 3940K, committed 4416K, reserved 1048576K
}
Event: 94.661 GC heap after
{Heap after GC invocations=21 (full 2):
 PSYoungGen      total 20992K, used 1008K [0x00000000d5580000, 0x00000000d6e00000, 0x0000000100000000)
  eden space 19968K, 0% used [0x00000000d5580000,0x00000000d5580000,0x00000000d6900000)
  from space 1024K, 98% used [0x00000000d6980000,0x00000000d6a7c030,0x00000000d6a80000)
  to   space 2560K, 0% used [0x00000000d6b80000,0x00000000d6b80000,0x00000000d6e00000)
 ParOldGen       total 68608K, used 29316K [0x0000000080000000, 0x0000000084300000, 0x00000000d5580000)
  object space 68608K, 42% used [0x0000000080000000,0x0000000081ca1278,0x0000000084300000)
 Metaspace       used 38990K, committed 40000K, reserved 1114112K
  class space    used 3940K, committed 4416K, reserved 1048576K
}
Event: 95.029 GC heap before
{Heap before GC invocations=22 (full 2):
 PSYoungGen      total 20992K, used 20976K [0x00000000d5580000, 0x00000000d6e00000, 0x0000000100000000)
  eden space 19968K, 100% used [0x00000000d5580000,0x00000000d6900000,0x00000000d6900000)
  from space 1024K, 98% used [0x00000000d6980000,0x00000000d6a7c030,0x00000000d6a80000)
  to   space 2560K, 0% used [0x00000000d6b80000,0x00000000d6b80000,0x00000000d6e00000)
 ParOldGen       total 68608K, used 29316K [0x0000000080000000, 0x0000000084300000, 0x00000000d5580000)
  object space 68608K, 42% used [0x0000000080000000,0x0000000081ca1278,0x0000000084300000)
 Metaspace       used 39432K, committed 40448K, reserved 1114112K
  class space    used 3979K, committed 4416K, reserved 1048576K
}
Event: 95.034 GC heap after
{Heap after GC invocations=22 (full 2):
 PSYoungGen      total 22016K, used 1705K [0x00000000d5580000, 0x00000000d6d80000, 0x0000000100000000)
  eden space 19968K, 0% used [0x00000000d5580000,0x00000000d5580000,0x00000000d6900000)
  from space 2048K, 83% used [0x00000000d6b80000,0x00000000d6d2a498,0x00000000d6d80000)
  to   space 2048K, 0% used [0x00000000d6980000,0x00000000d6980000,0x00000000d6b80000)
 ParOldGen       total 68608K, used 30315K [0x0000000080000000, 0x0000000084300000, 0x00000000d5580000)
  object space 68608K, 44% used [0x0000000080000000,0x0000000081d9afa0,0x0000000084300000)
 Metaspace       used 39432K, committed 40448K, reserved 1114112K
  class space    used 3979K, committed 4416K, reserved 1048576K
}
Event: 95.646 GC heap before
{Heap before GC invocations=23 (full 2):
 PSYoungGen      total 22016K, used 21673K [0x00000000d5580000, 0x00000000d6d80000, 0x0000000100000000)
  eden space 19968K, 100% used [0x00000000d5580000,0x00000000d6900000,0x00000000d6900000)
  from space 2048K, 83% used [0x00000000d6b80000,0x00000000d6d2a498,0x00000000d6d80000)
  to   space 2048K, 0% used [0x00000000d6980000,0x00000000d6980000,0x00000000d6b80000)
 ParOldGen       total 68608K, used 30315K [0x0000000080000000, 0x0000000084300000, 0x00000000d5580000)
  object space 68608K, 44% used [0x0000000080000000,0x0000000081d9afa0,0x0000000084300000)
 Metaspace       used 39733K, committed 40704K, reserved 1114112K
  class space    used 3996K, committed 4416K, reserved 1048576K
}
Event: 95.647 GC heap after
{Heap after GC invocations=23 (full 2):
 PSYoungGen      total 20480K, used 160K [0x00000000d5580000, 0x00000000d6c00000, 0x0000000100000000)
  eden space 19968K, 0% used [0x00000000d5580000,0x00000000d5580000,0x00000000d6900000)
  from space 512K, 31% used [0x00000000d6980000,0x00000000d69a8000,0x00000000d6a00000)
  to   space 1024K, 0% used [0x00000000d6b00000,0x00000000d6b00000,0x00000000d6c00000)
 ParOldGen       total 68608K, used 30664K [0x0000000080000000, 0x0000000084300000, 0x00000000d5580000)
  object space 68608K, 44% used [0x0000000080000000,0x0000000081df2338,0x0000000084300000)
 Metaspace       used 39733K, committed 40704K, reserved 1114112K
  class space    used 3996K, committed 4416K, reserved 1048576K
}
Event: 755.111 GC heap before
{Heap before GC invocations=24 (full 2):
 PSYoungGen      total 20480K, used 20127K [0x00000000d5580000, 0x00000000d6c00000, 0x0000000100000000)
  eden space 19968K, 99% used [0x00000000d5580000,0x00000000d68fffb0,0x00000000d6900000)
  from space 512K, 31% used [0x00000000d6980000,0x00000000d69a8000,0x00000000d6a00000)
  to   space 1024K, 0% used [0x00000000d6b00000,0x00000000d6b00000,0x00000000d6c00000)
 ParOldGen       total 68608K, used 30664K [0x0000000080000000, 0x0000000084300000, 0x00000000d5580000)
  object space 68608K, 44% used [0x0000000080000000,0x0000000081df2338,0x0000000084300000)
 Metaspace       used 42336K, committed 43392K, reserved 1114112K
  class space    used 4254K, committed 4736K, reserved 1048576K
}
Event: 755.239 GC heap after
{Heap after GC invocations=24 (full 2):
 PSYoungGen      total 20992K, used 1022K [0x00000000d5580000, 0x00000000d6c00000, 0x0000000100000000)
  eden space 19968K, 0% used [0x00000000d5580000,0x00000000d5580000,0x00000000d6900000)
  from space 1024K, 99% used [0x00000000d6b00000,0x00000000d6bffaf0,0x00000000d6c00000)
  to   space 1536K, 0% used [0x00000000d6900000,0x00000000d6900000,0x00000000d6a80000)
 ParOldGen       total 68608K, used 30752K [0x0000000080000000, 0x0000000084300000, 0x00000000d5580000)
  object space 68608K, 44% used [0x0000000080000000,0x0000000081e08338,0x0000000084300000)
 Metaspace       used 42336K, committed 43392K, reserved 1114112K
  class space    used 4254K, committed 4736K, reserved 1048576K
}
Event: 777.568 GC heap before
{Heap before GC invocations=25 (full 2):
 PSYoungGen      total 20992K, used 20990K [0x00000000d5580000, 0x00000000d6c00000, 0x0000000100000000)
  eden space 19968K, 99% used [0x00000000d5580000,0x00000000d68fffd8,0x00000000d6900000)
  from space 1024K, 99% used [0x00000000d6b00000,0x00000000d6bffaf0,0x00000000d6c00000)
  to   space 1536K, 0% used [0x00000000d6900000,0x00000000d6900000,0x00000000d6a80000)
 ParOldGen       total 68608K, used 30752K [0x0000000080000000, 0x0000000084300000, 0x00000000d5580000)
  object space 68608K, 44% used [0x0000000080000000,0x0000000081e08338,0x0000000084300000)
 Metaspace       used 43666K, committed 44736K, reserved 1114112K
  class space    used 4382K, committed 4864K, reserved 1048576K
}
Event: 777.606 GC heap after
{Heap after GC invocations=25 (full 2):
 PSYoungGen      total 21504K, used 1520K [0x00000000d5580000, 0x00000000d6f00000, 0x0000000100000000)
  eden space 19968K, 0% used [0x00000000d5580000,0x00000000d5580000,0x00000000d6900000)
  from space 1536K, 98% used [0x00000000d6900000,0x00000000d6a7c050,0x00000000d6a80000)
  to   space 3072K, 0% used [0x00000000d6c00000,0x00000000d6c00000,0x00000000d6f00000)
 ParOldGen       total 68608K, used 31613K [0x0000000080000000, 0x0000000084300000, 0x00000000d5580000)
  object space 68608K, 46% used [0x0000000080000000,0x0000000081edf4a0,0x0000000084300000)
 Metaspace       used 43666K, committed 44736K, reserved 1114112K
  class space    used 4382K, committed 4864K, reserved 1048576K
}

Dll operation events (10 events):
Event: 0.051 Loaded shared library c:\Users\USER\.vscode\extensions\redhat.java-1.53.0-win32-x64\jre\21.0.10-win32-x86_64\bin\java.dll
Event: 0.452 Loaded shared library c:\Users\USER\.vscode\extensions\redhat.java-1.53.0-win32-x64\jre\21.0.10-win32-x86_64\bin\zip.dll
Event: 0.490 Loaded shared library C:\Users\USER\.vscode\extensions\redhat.java-1.53.0-win32-x64\jre\21.0.10-win32-x86_64\bin\instrument.dll
Event: 0.495 Loaded shared library C:\Users\USER\.vscode\extensions\redhat.java-1.53.0-win32-x64\jre\21.0.10-win32-x86_64\bin\net.dll
Event: 0.498 Loaded shared library C:\Users\USER\.vscode\extensions\redhat.java-1.53.0-win32-x64\jre\21.0.10-win32-x86_64\bin\nio.dll
Event: 0.502 Loaded shared library C:\Users\USER\.vscode\extensions\redhat.java-1.53.0-win32-x64\jre\21.0.10-win32-x86_64\bin\zip.dll
Event: 0.533 Loaded shared library C:\Users\USER\.vscode\extensions\redhat.java-1.53.0-win32-x64\jre\21.0.10-win32-x86_64\bin\jimage.dll
Event: 0.657 Loaded shared library c:\Users\USER\.vscode\extensions\redhat.java-1.53.0-win32-x64\jre\21.0.10-win32-x86_64\bin\verify.dll
Event: 4.441 Loaded shared library C:\Users\USER\AppData\Roaming\Code\User\globalStorage\redhat.java\1.53.0\config_ss_win\org.eclipse.equinox.launcher\org.eclipse.equinox.launcher.win32.win32.x86_64_1.3.0.v20260203-2149\eclipse_11919.dll
Event: 7.712 Loaded shared library C:\Users\USER\AppData\Local\Temp\jna-2614219\jna3965917248989705010.dll

Deoptimization events (20 events):
Event: 1066.433 Thread 0x000001ae7e3934e0 Uncommon trap: trap_request=0xffffffde fr.pc=0x000001ae7046d278 relative=0x00000000000005d8
Event: 1066.435 Thread 0x000001ae7e3934e0 Uncommon trap: reason=class_check action=maybe_recompile pc=0x000001ae7046d278 method=java.util.Spliterators$1Adapter.hasNext()Z @ 12 c2
Event: 1066.437 Thread 0x000001ae7e3934e0 DEOPT PACKING pc=0x000001ae7046d278 sp=0x00000051191fec50
Event: 1066.439 Thread 0x000001ae7e3934e0 DEOPT UNPACKING pc=0x000001ae6fd26da2 sp=0x00000051191fec08 mode 2
Event: 1066.444 Thread 0x000001ae7e3934e0 Uncommon trap: trap_request=0xffffffde fr.pc=0x000001ae7046d278 relative=0x00000000000005d8
Event: 1066.444 Thread 0x000001ae7e3934e0 Uncommon trap: reason=class_check action=maybe_recompile pc=0x000001ae7046d278 method=java.util.Spliterators$1Adapter.hasNext()Z @ 12 c2
Event: 1066.444 Thread 0x000001ae7e3934e0 DEOPT PACKING pc=0x000001ae7046d278 sp=0x00000051191fec60
Event: 1066.445 Thread 0x000001ae7e3934e0 DEOPT UNPACKING pc=0x000001ae6fd26da2 sp=0x00000051191fec18 mode 2
Event: 1066.449 Thread 0x000001ae7e3934e0 Uncommon trap: trap_request=0xffffffde fr.pc=0x000001ae7046d278 relative=0x00000000000005d8
Event: 1066.449 Thread 0x000001ae7e3934e0 Uncommon trap: reason=class_check action=maybe_recompile pc=0x000001ae7046d278 method=java.util.Spliterators$1Adapter.hasNext()Z @ 12 c2
Event: 1066.449 Thread 0x000001ae7e3934e0 DEOPT PACKING pc=0x000001ae7046d278 sp=0x00000051191fec60
Event: 1066.449 Thread 0x000001ae7e3934e0 DEOPT UNPACKING pc=0x000001ae6fd26da2 sp=0x00000051191fec18 mode 2
Event: 1066.771 Thread 0x000001ae7e3934e0 Uncommon trap: trap_request=0xfffffff4 fr.pc=0x000001ae7027fcdc relative=0x000000000000021c
Event: 1066.771 Thread 0x000001ae7e3934e0 Uncommon trap: reason=null_check action=make_not_entrant pc=0x000001ae7027fcdc method=org.eclipse.core.runtime.Path.equals(Ljava/lang/Object;)Z @ 8 c2
Event: 1066.771 Thread 0x000001ae7e3934e0 DEOPT PACKING pc=0x000001ae7027fcdc sp=0x00000051191ff110
Event: 1066.771 Thread 0x000001ae7e3934e0 DEOPT UNPACKING pc=0x000001ae6fd26da2 sp=0x00000051191ff0b0 mode 2
Event: 1067.319 Thread 0x000001ae7e3934e0 Uncommon trap: trap_request=0xffffff45 fr.pc=0x000001ae703e804c relative=0x00000000000001ac
Event: 1067.320 Thread 0x000001ae7e3934e0 Uncommon trap: reason=unstable_if action=reinterpret pc=0x000001ae703e804c method=jdk.internal.org.objectweb.asm.Frame.push(I)V @ 26 c2
Event: 1067.320 Thread 0x000001ae7e3934e0 DEOPT PACKING pc=0x000001ae703e804c sp=0x00000051191fda10
Event: 1067.320 Thread 0x000001ae7e3934e0 DEOPT UNPACKING pc=0x000001ae6fd26da2 sp=0x00000051191fd998 mode 2

Classes loaded (20 events):
Event: 778.321 Loading class java/util/stream/Node$Builder$OfInt done
Event: 778.321 Loading class java/util/stream/Nodes$IntArrayNode
Event: 778.324 Loading class java/util/stream/Nodes$IntArrayNode done
Event: 778.324 Loading class java/util/stream/Nodes$IntFixedNodeBuilder done
Event: 778.324 Loading class java/util/stream/ReferencePipeline$4$1
Event: 778.324 Loading class java/util/stream/ReferencePipeline$4$1 done
Event: 1066.916 Loading class java/util/stream/Nodes$CollectorTask$OfRef
Event: 1066.936 Loading class java/util/stream/Nodes$CollectorTask
Event: 1066.951 Loading class java/util/stream/Nodes$CollectorTask done
Event: 1066.951 Loading class java/util/stream/Nodes$CollectorTask$OfRef done
Event: 1066.957 Loading class java/util/function/LongFunction
Event: 1066.958 Loading class java/util/function/LongFunction done
Event: 1066.964 Loading class java/util/stream/Nodes$ConcNode
Event: 1066.968 Loading class java/util/stream/Nodes$AbstractConcNode
Event: 1066.975 Loading class java/util/stream/Nodes$AbstractConcNode done
Event: 1066.975 Loading class java/util/stream/Nodes$ConcNode done
Event: 1066.995 Loading class java/util/stream/Nodes$ToArrayTask$OfRef
Event: 1067.006 Loading class java/util/stream/Nodes$ToArrayTask
Event: 1067.010 Loading class java/util/stream/Nodes$ToArrayTask done
Event: 1067.010 Loading class java/util/stream/Nodes$ToArrayTask$OfRef done

Classes unloaded (12 events):
Event: 10.018 Thread 0x000001ae6565dee0 Unloading class 0x000001ae0118d400 'java/lang/invoke/LambdaForm$MH+0x000001ae0118d400'
Event: 10.018 Thread 0x000001ae6565dee0 Unloading class 0x000001ae0118d000 'java/lang/invoke/LambdaForm$MH+0x000001ae0118d000'
Event: 10.018 Thread 0x000001ae6565dee0 Unloading class 0x000001ae0118cc00 'java/lang/invoke/LambdaForm$MH+0x000001ae0118cc00'
Event: 10.018 Thread 0x000001ae6565dee0 Unloading class 0x000001ae0118c800 'java/lang/invoke/LambdaForm$MH+0x000001ae0118c800'
Event: 10.018 Thread 0x000001ae6565dee0 Unloading class 0x000001ae0118c400 'java/lang/invoke/LambdaForm$BMH+0x000001ae0118c400'
Event: 10.018 Thread 0x000001ae6565dee0 Unloading class 0x000001ae0118c000 'java/lang/invoke/LambdaForm$DMH+0x000001ae0118c000'
Event: 10.018 Thread 0x000001ae6565dee0 Unloading class 0x000001ae0118ac00 'java/lang/invoke/LambdaForm$DMH+0x000001ae0118ac00'
Event: 89.463 Thread 0x000001ae6565dee0 Unloading class 0x000001ae01387400 'java/lang/invoke/LambdaForm$MH+0x000001ae01387400'
Event: 89.463 Thread 0x000001ae6565dee0 Unloading class 0x000001ae01386c00 'java/lang/invoke/LambdaForm$MH+0x000001ae01386c00'
Event: 89.463 Thread 0x000001ae6565dee0 Unloading class 0x000001ae01386400 'java/lang/invoke/LambdaForm$MH+0x000001ae01386400'
Event: 89.463 Thread 0x000001ae6565dee0 Unloading class 0x000001ae01386000 'java/lang/invoke/LambdaForm$DMH+0x000001ae01386000'
Event: 89.463 Thread 0x000001ae6565dee0 Unloading class 0x000001ae01385400 'java/lang/invoke/LambdaForm$MH+0x000001ae01385400'

Classes redefined (0 events):
No events

Internal exceptions (20 events):
Event: 95.689 Thread 0x000001ae7d5f2df0 Exception <a 'java/io/FileNotFoundException'{0x00000000d5798878}> (0x00000000d5798878) 
thrown [s\src\hotspot\share\prims\jni.cpp, line 520]
Event: 95.689 Thread 0x000001ae7d5f2df0 Exception <a 'java/io/FileNotFoundException'{0x00000000d5799828}> (0x00000000d5799828) 
thrown [s\src\hotspot\share\prims\jni.cpp, line 520]
Event: 98.435 Thread 0x000001ae7d5f0d20 Exception <a 'java/lang/IncompatibleClassChangeError'{0x00000000d5ea73b8}: Found class java.lang.Object, but interface was expected> (0x00000000d5ea73b8) 
thrown [s\src\hotspot\share\interpreter\linkResolver.cpp, line 840]
Event: 736.915 Thread 0x000001ae7d5f0d20 Exception <a 'java/lang/IncompatibleClassChangeError'{0x00000000d5fab170}: Found class java.lang.Object, but interface was expected> (0x00000000d5fab170) 
thrown [s\src\hotspot\share\interpreter\linkResolver.cpp, line 840]
Event: 764.169 Thread 0x000001ae7d5f0d20 Exception <a 'java/io/FileNotFoundException'{0x00000000d5a763a8}> (0x00000000d5a763a8) 
thrown [s\src\hotspot\share\prims\jni.cpp, line 520]
Event: 764.234 Thread 0x000001ae7d5f0d20 Exception <a 'java/io/FileNotFoundException'{0x00000000d5a77648}> (0x00000000d5a77648) 
thrown [s\src\hotspot\share\prims\jni.cpp, line 520]
Event: 764.234 Thread 0x000001ae7d5f0d20 Exception <a 'java/io/FileNotFoundException'{0x00000000d5a78660}> (0x00000000d5a78660) 
thrown [s\src\hotspot\share\prims\jni.cpp, line 520]
Event: 773.713 Thread 0x000001ae7d5f2df0 Exception <a 'java/lang/NoSuchMethodError'{0x00000000d62e40e0}: 'int java.lang.invoke.DirectMethodHandle$Holder.invokeStatic(java.lang.Object)'> (0x00000000d62e40e0) 
thrown [s\src\hotspot\share\interpreter\linkResolver.cpp, line 773]
Event: 773.835 Thread 0x000001ae7d5f2df0 Exception <a 'sun/nio/fs/WindowsException'{0x00000000d63c1330}> (0x00000000d63c1330) 
thrown [s\src\hotspot\share\prims\jni.cpp, line 520]
Event: 774.438 Thread 0x000001ae7e394f20 Exception <a 'sun/nio/fs/WindowsException'{0x00000000d63d2988}> (0x00000000d63d2988) 
thrown [s\src\hotspot\share\prims\jni.cpp, line 520]
Event: 774.524 Thread 0x000001ae7e3906f0 Exception <a 'sun/nio/fs/WindowsException'{0x00000000d63e0ef8}> (0x00000000d63e0ef8) 
thrown [s\src\hotspot\share\prims\jni.cpp, line 520]
Event: 774.562 Thread 0x000001ae7e3906f0 Exception <a 'sun/nio/fs/WindowsException'{0x00000000d63e4800}> (0x00000000d63e4800) 
thrown [s\src\hotspot\share\prims\jni.cpp, line 520]
Event: 774.790 Thread 0x000001ae7e3955b0 Exception <a 'sun/nio/fs/WindowsException'{0x00000000d63fe500}> (0x00000000d63fe500) 
thrown [s\src\hotspot\share\prims\jni.cpp, line 520]
Event: 777.936 Thread 0x000001ae7e392e50 Implicit null exception at 0x000001ae7058d798 to 0x000001ae70590198
Event: 778.080 Thread 0x000001ae7d5f2df0 Exception <a 'java/lang/NoSuchMethodError'{0x00000000d5abaff0}: 'java.lang.Object java.lang.invoke.DirectMethodHandle$Holder.newInvokeSpecial(java.lang.Object, java.lang.Object, int, int, java.lang.Object)'> (0x00000000d5abaff0) 
thrown [s\src\hotspot\share\interpreter\linkResolver.cpp, line 773]
Event: 778.820 Thread 0x000001ae7e392e50 Exception <a 'java/lang/NoSuchMethodError'{0x00000000d618a1f0}: 'void java.lang.invoke.DirectMethodHandle$Holder.invokeVirtual(java.lang.Object, java.lang.Object, java.lang.Object, java.lang.Object, java.lang.Object)'> (0x00000000d618a1f0) 
thrown [s\src\hotspot\share\interpreter\linkResolver.cpp, line 773]
Event: 779.244 Thread 0x000001ae7d5f2df0 Exception <a 'sun/nio/fs/WindowsException'{0x00000000d62239e0}> (0x00000000d62239e0) 
thrown [s\src\hotspot\share\prims\jni.cpp, line 520]
Event: 779.246 Thread 0x000001ae7d5f2df0 Exception <a 'sun/nio/fs/WindowsException'{0x00000000d6224010}> (0x00000000d6224010) 
thrown [s\src\hotspot\share\prims\jni.cpp, line 520]
Event: 1066.770 Thread 0x000001ae7e3934e0 Implicit null exception at 0x000001ae7027fb02 to 0x000001ae7027fccc
Event: 1067.335 Thread 0x000001ae7e3934e0 Exception <a 'java/lang/NoSuchMethodError'{0x00000000d6345168}: 'java.lang.Object java.lang.invoke.DirectMethodHandle$Holder.newInvokeSpecial(java.lang.Object, java.lang.Object, java.lang.Object, java.lang.Object, java.lang.Object, java.lang.Object, java.lang.Object, java.lang.Object)'> (0x00000000d6345168) 
thrown [s\src\hotspot\share\interpreter\linkResolver.cpp, line 773]

ZGC Phase Switch (0 events):
No events

VM Operations (20 events):
Event: 780.521 Executing safepoint VM operation: Cleanup
Event: 780.521 Executing safepoint VM operation: Cleanup done
Event: 780.850 Executing non-safepoint VM operation: HandshakeAllThreads (HandshakeForDeflation)
Event: 780.851 Executing non-safepoint VM operation: HandshakeAllThreads (HandshakeForDeflation) done
Event: 780.851 Executing non-safepoint VM operation: RendezvousGCThreads
Event: 780.851 Executing non-safepoint VM operation: RendezvousGCThreads done
Event: 1067.036 Executing safepoint VM operation: Cleanup
Event: 1067.039 Executing safepoint VM operation: Cleanup done
Event: 1067.254 Executing non-safepoint VM operation: HandshakeAllThreads (Deoptimize)
Event: 1067.258 Executing non-safepoint VM operation: HandshakeAllThreads (Deoptimize) done
Event: 1068.267 Executing safepoint VM operation: Cleanup
Event: 1068.268 Executing safepoint VM operation: Cleanup done
Event: 1081.446 Executing non-safepoint VM operation: HandshakeAllThreads (HandshakeForDeflation)
Event: 1081.446 Executing non-safepoint VM operation: HandshakeAllThreads (HandshakeForDeflation) done
Event: 1081.446 Executing non-safepoint VM operation: RendezvousGCThreads
Event: 1081.446 Executing non-safepoint VM operation: RendezvousGCThreads done
Event: 1201.538 Executing non-safepoint VM operation: HandshakeAllThreads (HandshakeForDeflation)
Event: 1201.545 Executing non-safepoint VM operation: HandshakeAllThreads (HandshakeForDeflation) done
Event: 1201.545 Executing non-safepoint VM operation: RendezvousGCThreads
Event: 1201.545 Executing non-safepoint VM operation: RendezvousGCThreads done

Memory protections (0 events):
No events

Nmethod flushes (20 events):
Event: 89.814 Thread 0x000001ae6565dee0 flushing  nmethod 0x000001ae68b96290
Event: 89.814 Thread 0x000001ae6565dee0 flushing  nmethod 0x000001ae68bf9c90
Event: 89.814 Thread 0x000001ae6565dee0 flushing  nmethod 0x000001ae68c0c510
Event: 89.814 Thread 0x000001ae6565dee0 flushing  nmethod 0x000001ae68c17290
Event: 89.814 Thread 0x000001ae6565dee0 flushing  nmethod 0x000001ae68c17c90
Event: 89.814 Thread 0x000001ae6565dee0 flushing  nmethod 0x000001ae68c1dd10
Event: 89.814 Thread 0x000001ae6565dee0 flushing  nmethod 0x000001ae68c1fb90
Event: 89.814 Thread 0x000001ae6565dee0 flushing  nmethod 0x000001ae68c38310
Event: 89.814 Thread 0x000001ae6565dee0 flushing  nmethod 0x000001ae68c3bb90
Event: 89.814 Thread 0x000001ae6565dee0 flushing  nmethod 0x000001ae68c40890
Event: 89.814 Thread 0x000001ae6565dee0 flushing  nmethod 0x000001ae68c41a10
Event: 89.814 Thread 0x000001ae6565dee0 flushing  nmethod 0x000001ae68c41d90
Event: 89.814 Thread 0x000001ae6565dee0 flushing  nmethod 0x000001ae68c4f410
Event: 89.814 Thread 0x000001ae6565dee0 flushing  nmethod 0x000001ae68c5e210
Event: 89.814 Thread 0x000001ae6565dee0 flushing  nmethod 0x000001ae68c5e510
Event: 89.814 Thread 0x000001ae6565dee0 flushing  nmethod 0x000001ae68c61a10
Event: 89.814 Thread 0x000001ae6565dee0 flushing  nmethod 0x000001ae68c62390
Event: 89.814 Thread 0x000001ae6565dee0 flushing  nmethod 0x000001ae68c96110
Event: 89.814 Thread 0x000001ae6565dee0 flushing  nmethod 0x000001ae68c96510
Event: 89.814 Thread 0x000001ae6565dee0 flushing  nmethod 0x000001ae68c96b10

Events (20 events):
Event: 778.083 Thread 0x000001ae7d5f2df0 Thread added: 0x000001ae7e395c40
Event: 778.398 Thread 0x000001ae7d5f2df0 Thread added: 0x000001ae7e3962d0
Event: 820.059 Thread 0x000001ae7e3927c0 Thread exited: 0x000001ae7e3927c0
Event: 835.000 Thread 0x000001ae7e394f20 Thread exited: 0x000001ae7e394f20
Event: 835.804 Thread 0x000001ae7e390060 Thread exited: 0x000001ae7e390060
Event: 839.368 Thread 0x000001ae7e392e50 Thread exited: 0x000001ae7e392e50
Event: 879.966 Thread 0x000001ae7e390d80 Thread exited: 0x000001ae7e390d80
Event: 894.947 Thread 0x000001ae7e3906f0 Thread exited: 0x000001ae7e3906f0
Event: 954.935 Thread 0x000001ae7e3955b0 Thread exited: 0x000001ae7e3955b0
Event: 1014.958 Thread 0x000001ae7e393b70 Thread exited: 0x000001ae7e393b70
Event: 1066.872 Thread 0x000001ae7e3934e0 Thread added: 0x000001ae7e392e50
Event: 1066.988 Thread 0x000001ae7e392e50 Thread added: 0x000001ae7e393b70
Event: 1066.994 Thread 0x000001ae7e392e50 Thread added: 0x000001ae7e394f20
Event: 1067.011 Thread 0x000001ae7e392e50 Thread exited: 0x000001ae7e392e50
Event: 1067.011 Thread 0x000001ae7e394f20 Thread exited: 0x000001ae7e394f20
Event: 1067.030 Thread 0x000001ae7e393b70 Thread exited: 0x000001ae7e393b70
Event: 1075.540 Thread 0x000001ae7e397680 Thread exited: 0x000001ae7e397680
Event: 1075.540 Thread 0x000001ae7e394200 Thread exited: 0x000001ae7e394200
Event: 1079.208 Thread 0x000001ae7e395c40 Thread exited: 0x000001ae7e395c40
Event: 1079.212 Thread 0x000001ae7e3962d0 Thread exited: 0x000001ae7e3962d0


Dynamic libraries:
0x00007ff7789f0000 - 0x00007ff7789fe000 	c:\Users\USER\.vscode\extensions\redhat.java-1.53.0-win32-x64\jre\21.0.10-win32-x86_64\bin\java.exe
0x00007ff9f90d0000 - 0x00007ff9f92e8000 	C:\WINDOWS\SYSTEM32\ntdll.dll
0x00007ff9f7bf0000 - 0x00007ff9f7cb4000 	C:\WINDOWS\System32\KERNEL32.DLL
0x00007ff9f6990000 - 0x00007ff9f6d63000 	C:\WINDOWS\System32\KERNELBASE.dll
0x00007ff9f65a0000 - 0x00007ff9f66b1000 	C:\WINDOWS\System32\ucrtbase.dll
0x00007ff9d0690000 - 0x00007ff9d06a8000 	c:\Users\USER\.vscode\extensions\redhat.java-1.53.0-win32-x64\jre\21.0.10-win32-x86_64\bin\jli.dll
0x00007ff9f7e20000 - 0x00007ff9f7fd2000 	C:\WINDOWS\System32\USER32.dll
0x00007ff9f6300000 - 0x00007ff9f6326000 	C:\WINDOWS\System32\win32u.dll
0x00007ff9f7df0000 - 0x00007ff9f7e19000 	C:\WINDOWS\System32\GDI32.dll
0x00007ff9f61e0000 - 0x00007ff9f62fb000 	C:\WINDOWS\System32\gdi32full.dll
0x00007ff9f67b0000 - 0x00007ff9f684a000 	C:\WINDOWS\System32\msvcp_win.dll
0x00007ff9cd1e0000 - 0x00007ff9cd1fe000 	c:\Users\USER\.vscode\extensions\redhat.java-1.53.0-win32-x64\jre\21.0.10-win32-x86_64\bin\VCRUNTIME140.dll
0x00007ff9f5360000 - 0x00007ff9f55fc000 	C:\WINDOWS\WinSxS\amd64_microsoft.windows.common-controls_6595b64144ccf1df_6.0.22621.6060_none_2712eda17382d24b\COMCTL32.dll
0x00007ff9f7050000 - 0x00007ff9f70f7000 	C:\WINDOWS\System32\msvcrt.dll
0x00007ff9f71f0000 - 0x00007ff9f7221000 	C:\WINDOWS\System32\IMM32.DLL
0x00007ff9dd8a0000 - 0x00007ff9dd8ac000 	c:\Users\USER\.vscode\extensions\redhat.java-1.53.0-win32-x64\jre\21.0.10-win32-x86_64\bin\vcruntime140_1.dll
0x00007ff9c9df0000 - 0x00007ff9c9e7d000 	c:\Users\USER\.vscode\extensions\redhat.java-1.53.0-win32-x64\jre\21.0.10-win32-x86_64\bin\msvcp140.dll
0x00007ff957f50000 - 0x00007ff958cf1000 	c:\Users\USER\.vscode\extensions\redhat.java-1.53.0-win32-x64\jre\21.0.10-win32-x86_64\bin\server\jvm.dll
0x00007ff9f7cc0000 - 0x00007ff9f7d71000 	C:\WINDOWS\System32\ADVAPI32.dll
0x00007ff9f8900000 - 0x00007ff9f89a8000 	C:\WINDOWS\System32\sechost.dll
0x00007ff9f6780000 - 0x00007ff9f67a8000 	C:\WINDOWS\System32\bcrypt.dll
0x00007ff9f7230000 - 0x00007ff9f7348000 	C:\WINDOWS\System32\RPCRT4.dll
0x00007ff9f8ac0000 - 0x00007ff9f8b31000 	C:\WINDOWS\System32\WS2_32.dll
0x00007ff9f60b0000 - 0x00007ff9f60fd000 	C:\WINDOWS\SYSTEM32\POWRPROF.dll
0x00007ff9e82b0000 - 0x00007ff9e82e4000 	C:\WINDOWS\SYSTEM32\WINMM.dll
0x00007ff9f44d0000 - 0x00007ff9f44da000 	C:\WINDOWS\SYSTEM32\VERSION.dll
0x00007ff9f6090000 - 0x00007ff9f60a3000 	C:\WINDOWS\SYSTEM32\UMPDC.dll
0x00007ff9f4280000 - 0x00007ff9f4298000 	C:\WINDOWS\SYSTEM32\kernel.appcore.dll
0x00007ff9dd120000 - 0x00007ff9dd12a000 	c:\Users\USER\.vscode\extensions\redhat.java-1.53.0-win32-x64\jre\21.0.10-win32-x86_64\bin\jimage.dll
0x00007ff9f5a60000 - 0x00007ff9f5c93000 	C:\WINDOWS\SYSTEM32\DBGHELP.DLL
0x00007ff9f8cf0000 - 0x00007ff9f9081000 	C:\WINDOWS\System32\combase.dll
0x00007ff9f6d70000 - 0x00007ff9f6e48000 	C:\WINDOWS\System32\OLEAUT32.dll
0x00007ff9f5940000 - 0x00007ff9f5972000 	C:\WINDOWS\SYSTEM32\dbgcore.DLL
0x00007ff9f63b0000 - 0x00007ff9f642b000 	C:\WINDOWS\System32\bcryptPrimitives.dll
0x00007ff9dc7f0000 - 0x00007ff9dc7ff000 	c:\Users\USER\.vscode\extensions\redhat.java-1.53.0-win32-x64\jre\21.0.10-win32-x86_64\bin\instrument.dll
0x00007ff9cd000000 - 0x00007ff9cd020000 	c:\Users\USER\.vscode\extensions\redhat.java-1.53.0-win32-x64\jre\21.0.10-win32-x86_64\bin\java.dll
0x00007ff9f8060000 - 0x00007ff9f88fc000 	C:\WINDOWS\System32\SHELL32.dll
0x00007ff9f6850000 - 0x00007ff9f698f000 	C:\WINDOWS\System32\wintypes.dll
0x00007ff9f31b0000 - 0x00007ff9f3aca000 	C:\WINDOWS\SYSTEM32\windows.storage.dll
0x00007ff9f8bc0000 - 0x00007ff9f8cc4000 	C:\WINDOWS\System32\SHCORE.dll
0x00007ff9f7ff0000 - 0x00007ff9f8059000 	C:\WINDOWS\System32\shlwapi.dll
0x00007ff9f6110000 - 0x00007ff9f6135000 	C:\WINDOWS\SYSTEM32\profapi.dll
0x00007ff9c9dd0000 - 0x00007ff9c9de8000 	c:\Users\USER\.vscode\extensions\redhat.java-1.53.0-win32-x64\jre\21.0.10-win32-x86_64\bin\zip.dll
0x00007ff9d0680000 - 0x00007ff9d0690000 	C:\Users\USER\.vscode\extensions\redhat.java-1.53.0-win32-x64\jre\21.0.10-win32-x86_64\bin\net.dll
0x00007ff9eb690000 - 0x00007ff9eb7bc000 	C:\WINDOWS\SYSTEM32\WINHTTP.dll
0x00007ff9f4740000 - 0x00007ff9f47a9000 	C:\WINDOWS\system32\mswsock.dll
0x00007ff9c9570000 - 0x00007ff9c9586000 	C:\Users\USER\.vscode\extensions\redhat.java-1.53.0-win32-x64\jre\21.0.10-win32-x86_64\bin\nio.dll
0x00007ff9cd350000 - 0x00007ff9cd360000 	c:\Users\USER\.vscode\extensions\redhat.java-1.53.0-win32-x64\jre\21.0.10-win32-x86_64\bin\verify.dll
0x00007ff9c8d60000 - 0x00007ff9c8da5000 	C:\Users\USER\AppData\Roaming\Code\User\globalStorage\redhat.java\1.53.0\config_ss_win\org.eclipse.equinox.launcher\org.eclipse.equinox.launcher.win32.win32.x86_64_1.3.0.v20260203-2149\eclipse_11919.dll
0x00007ff9f7350000 - 0x00007ff9f74f1000 	C:\WINDOWS\System32\ole32.dll
0x00007ff9f5d90000 - 0x00007ff9f5dab000 	C:\WINDOWS\SYSTEM32\CRYPTSP.dll
0x00007ff9f41e0000 - 0x00007ff9f4217000 	C:\WINDOWS\system32\rsaenh.dll
0x00007ff9f4830000 - 0x00007ff9f4858000 	C:\WINDOWS\SYSTEM32\USERENV.dll
0x00007ff9f4990000 - 0x00007ff9f499c000 	C:\WINDOWS\SYSTEM32\CRYPTBASE.dll
0x00007ff9f3d20000 - 0x00007ff9f3d4d000 	C:\WINDOWS\SYSTEM32\IPHLPAPI.DLL
0x00007ff9f6e50000 - 0x00007ff9f6e59000 	C:\WINDOWS\System32\NSI.dll
0x00007ff9eaeb0000 - 0x00007ff9eaef9000 	C:\Users\USER\AppData\Local\Temp\jna-2614219\jna3965917248989705010.dll
0x00007ff9f7fe0000 - 0x00007ff9f7fe8000 	C:\WINDOWS\System32\PSAPI.DLL
0x00007ff9eb650000 - 0x00007ff9eb669000 	C:\WINDOWS\SYSTEM32\dhcpcsvc6.DLL
0x00007ff9eb630000 - 0x00007ff9eb64f000 	C:\WINDOWS\SYSTEM32\dhcpcsvc.DLL

JVMTI agents:
c:\Users\USER\.vscode\extensions\redhat.java-1.53.0-win32-x64\lombok\lombok-1.18.39-4050.jar path:c:\Users\USER\.vscode\extensions\redhat.java-1.53.0-win32-x64\jre\21.0.10-win32-x86_64\bin\instrument.dll, loaded, initialized, instrumentlib options:none

dbghelp: loaded successfully - version: 4.0.5 - missing functions: none
symbol engine: initialized successfully - sym options: 0x614 - pdb path: .;c:\Users\USER\.vscode\extensions\redhat.java-1.53.0-win32-x64\jre\21.0.10-win32-x86_64\bin;C:\WINDOWS\SYSTEM32;C:\WINDOWS\WinSxS\amd64_microsoft.windows.common-controls_6595b64144ccf1df_6.0.22621.6060_none_2712eda17382d24b;c:\Users\USER\.vscode\extensions\redhat.java-1.53.0-win32-x64\jre\21.0.10-win32-x86_64\bin\server;C:\Users\USER\AppData\Roaming\Code\User\globalStorage\redhat.java\1.53.0\config_ss_win\org.eclipse.equinox.launcher\org.eclipse.equinox.launcher.win32.win32.x86_64_1.3.0.v20260203-2149;C:\Users\USER\AppData\Local\Temp\jna-2614219

VM Arguments:
jvm_args: --add-modules=ALL-SYSTEM --add-opens=java.base/java.util=ALL-UNNAMED --add-opens=java.base/java.lang=ALL-UNNAMED --add-opens=java.base/sun.nio.fs=ALL-UNNAMED -Declipse.application=org.eclipse.jdt.ls.core.id1 -Dosgi.bundles.defaultStartLevel=4 -Declipse.product=org.eclipse.jdt.ls.core.product -Djava.import.generatesMetadataFilesAtProjectRoot=false -DDetectVMInstallationsJob.disabled=true -Dfile.encoding=utf8 -XX:+UseParallelGC -XX:GCTimeRatio=4 -XX:AdaptiveSizePolicyWeight=90 -Dsun.zip.disableMemoryMapping=true -Xmx2G -Xms100m -Xlog:disable -javaagent:c:\Users\USER\.vscode\extensions\redhat.java-1.53.0-win32-x64\lombok\lombok-1.18.39-4050.jar 
java_command: c:\Users\USER\.vscode\extensions\redhat.java-1.53.0-win32-x64\server\plugins\org.eclipse.equinox.launcher_1.7.100.v20251111-0406.jar -configuration c:\Users\USER\AppData\Roaming\Code\User\globalStorage\redhat.java\1.53.0\config_ss_win -data c:\Users\USER\AppData\Roaming\Code\User\workspaceStorage\c24a9c9a986f40af2c2287fd199f902c\redhat.java\ss_ws --pipe=\\.\pipe\lsp-a42b24da206f1402ac1537daf3fca87c-sock
java_class_path (initial): c:\Users\USER\.vscode\extensions\redhat.java-1.53.0-win32-x64\server\plugins\org.eclipse.equinox.launcher_1.7.100.v20251111-0406.jar
Launcher Type: SUN_STANDARD

[Global flags]
    uintx AdaptiveSizePolicyWeight                 = 90                                        {product} {command line}
     intx CICompilerCount                          = 3                                         {product} {ergonomic}
    uintx GCTimeRatio                              = 4                                         {product} {command line}
   size_t InitialHeapSize                          = 104857600                                 {product} {command line}
   size_t MaxHeapSize                              = 2147483648                                {product} {command line}
   size_t MaxNewSize                               = 715653120                                 {product} {ergonomic}
   size_t MinHeapDeltaBytes                        = 524288                                    {product} {ergonomic}
   size_t MinHeapSize                              = 104857600                                 {product} {command line}
   size_t NewSize                                  = 34603008                                  {product} {ergonomic}
    uintx NonNMethodCodeHeapSize                   = 5832780                                {pd product} {ergonomic}
    uintx NonProfiledCodeHeapSize                  = 122912730                              {pd product} {ergonomic}
   size_t OldSize                                  = 70254592                                  {product} {ergonomic}
    uintx ProfiledCodeHeapSize                     = 122912730                              {pd product} {ergonomic}
    uintx ReservedCodeCacheSize                    = 251658240                              {pd product} {ergonomic}
     bool SegmentedCodeCache                       = true                                      {product} {ergonomic}
   size_t SoftMaxHeapSize                          = 2147483648                             {manageable} {ergonomic}
     bool UseCompressedOops                        = true                           {product lp64_product} {ergonomic}
     bool UseLargePagesIndividualAllocation        = false                                  {pd product} {ergonomic}
     bool UseParallelGC                            = true                                      {product} {command line}

Logging:
Log output configuration:
 #0: stdout all=off uptime,level,tags foldmultilines=false
 #1: stderr all=off uptime,level,tags foldmultilines=false

Release file:
JAVA_VERSION="21.0.10" 
MODULES="java.base java.compiler java.datatransfer java.xml java.prefs java.desktop java.instrument java.logging java.management java.security.sasl java.naming java.rmi java.management.rmi java.net.http java.scripting java.security.jgss java.transaction.xa java.sql java.sql.rowset java.xml.crypto java.se java.smartcardio jdk.accessibility jdk.internal.jvmstat jdk.attach jdk.charsets jdk.internal.opt jdk.zipfs jdk.compiler jdk.crypto.ec jdk.crypto.cryptoki jdk.crypto.mscapi jdk.dynalink jdk.internal.ed jdk.editpad jdk.hotspot.agent jdk.httpserver jdk.internal.le jdk.internal.vm.ci jdk.internal.vm.compiler jdk.internal.vm.compiler.management jdk.jartool jdk.javadoc jdk.jcmd jdk.management jdk.management.agent jdk.jconsole jdk.jdeps jdk.jdwp.agent jdk.jdi jdk.jfr jdk.jshell jdk.jsobject jdk.jstatd jdk.localedata jdk.management.jfr jdk.naming.dns jdk.naming.rmi jdk.net jdk.nio.mapmode jdk.random jdk.sctp jdk.security.auth jdk.security.jgss jdk.unsupported jdk.unsupported.desktop jdk.xml.dom" 

Environment Variables:
JAVA_HOME=C:\Program Files\Java\jdk-17
PATH=C:\Program Files\Common Files\Oracle\Java\javapath;C:\WINDOWS\system32;C:\WINDOWS;C:\WINDOWS\System32\Wbem;C:\WINDOWS\System32\WindowsPowerShell\v1.0\;C:\WINDOWS\System32\OpenSSH\;C:\Program Files\Git\cmd;C:\Program Files (x86)\Microsoft SQL Server\160\Tools\Binn\;C:\Program Files\Microsoft SQL Server\160\Tools\Binn\;C:\Program Files\Microsoft SQL Server\Client SDK\ODBC\170\Tools\Binn\;C:\Program Files\Microsoft SQL Server\160\DTS\Binn\;C:\Program Files (x86)\Microsoft SQL Server\160\DTS\Binn\;C:\Program Files\Azure Data Studio\bin;C:\Program Files\apache-maven-3.9.9\bin;C:\Program Files\Java\jdk-17\bin;C:\Program Files\nodejs\;C:\Program Files\nodejs\node_modules\npm\bin;C:\Program Files\MySQL\MySQL Server 8.0\bin;C:\Program Files\MySQL\MySQL Shell 8.0\bin\;C:\Users\USER\AppData\Local\Programs\Python\Python313\Scripts\;C:\Users\USER\AppData\Local\Programs\Python\Python313\;C:\Users\USER\AppData\Local\Programs\Python\Launcher\;C:\Users\USER\AppData\Local\Microsoft\WindowsApps;C:\Users\USER\AppData\Local\Programs\Microsoft VS Code\bin;C:\Users\USER\AppData\Local\Programs\Python\Python313\Scripts;C:\Program Files\Java\jdk-24\bin;C:\Program Files\Azure Data Studio\bin;C:\Users\USER\AppData\Local\GitHubDesktop\bin;C:\Users\USER\AppData\Local\Programs\cursor\resources\app\bin;C:\Users\USER\AppData\Roaming\npm;C:\Program Files\nodejs\;
USERNAME=USER
OS=Windows_NT
PROCESSOR_IDENTIFIER=Intel64 Family 6 Model 140 Stepping 1, GenuineIntel
TMP=C:\Users\USER\AppData\Local\Temp
TEMP=C:\Users\USER\AppData\Local\Temp




Periodic native trim disabled

---------------  S Y S T E M  ---------------

OS:
 Windows 11 , 64 bit Build 22621 (10.0.22621.5415)
OS uptime: 0 days 2:09 hours

CPU: total 4 (initial active 4) (2 cores per cpu, 2 threads per core) family 6 model 140 stepping 1 microcode 0xbc, cx8, cmov, fxsr, ht, mmx, 3dnowpref, sse, sse2, sse3, ssse3, sse4.1, sse4.2, popcnt, lzcnt, tsc, tscinvbit, avx, avx2, aes, erms, clmul, bmi1, bmi2, adx, avx512f, avx512dq, avx512cd, avx512bw, avx512vl, sha, fma, vzeroupper, avx512_vpopcntdq, avx512_vpclmulqdq, avx512_vaes, avx512_vnni, clflush, clflushopt, clwb, avx512_vbmi2, avx512_vbmi, rdtscp, rdpid, fsrm, gfni, avx512_bitalg, f16c, pku, cet_ibt, cet_ss, avx512_ifma
Processor Information for the first 4 processors :
  Max Mhz: 2995, Current Mhz: 2995, Mhz Limit: 2995

Memory: 4k page, system-wide physical 3818M (346M free)
TotalPageFile size 15594M (AvailPageFile size 0M)
current process WorkingSet (physical memory assigned to process): 19M, peak: 167M
current process commit charge ("private bytes"): 288M, peak: 307M

vm_info: OpenJDK 64-Bit Server VM (21.0.10+7-LTS) for windows-amd64 JRE (21.0.10+7-LTS), built on 2026-01-20T00:00:00Z by "admin" with MS VC++ 17.12 (VS2022)

END.
