#
# There is insufficient memory for the Java Runtime Environment to continue.
# Native memory allocation (malloc) failed to allocate 1048576 bytes. Error detail: AllocateHeap
# Possible reasons:
#   The system is out of physical RAM or swap space
#   This process is running with CompressedOops enabled, and the Java Heap may be blocking the growth of the native heap
# Possible solutions:
#   Reduce memory load on the system
#   Increase physical memory or swap space
#   Check if swap backing store is full
#   Decrease Java heap size (-Xmx/-Xms)
#   Decrease number of Java threads
#   Decrease Java thread stack sizes (-Xss)
#   Set larger code cache with -XX:ReservedCodeCacheSize=
#   JVM is running with Unscaled Compressed Oops mode in which the Java heap is
#     placed in the first 4GB address space. The Java Heap base address is the
#     maximum limit for the native heap growth. Please use -XX:HeapBaseMinAddress
#     to set the Java Heap base and to place the Java Heap above 4GB virtual address.
# This output file may be truncated or incomplete.
#
#  Out of Memory Error (allocation.cpp:44), pid=17148, tid=15140
#
# JRE version: OpenJDK Runtime Environment Temurin-21.0.10+7 (21.0.10+7) (build 21.0.10+7-LTS)
# Java VM: OpenJDK 64-Bit Server VM Temurin-21.0.10+7 (21.0.10+7-LTS, mixed mode, sharing, tiered, compressed oops, compressed class ptrs, parallel gc, windows-amd64)
# No core dump will be written. Minidumps are not enabled by default on client versions of Windows
#

---------------  S U M M A R Y ------------

Command Line: --add-modules=ALL-SYSTEM --add-opens=java.base/java.util=ALL-UNNAMED --add-opens=java.base/java.lang=ALL-UNNAMED --add-opens=java.base/sun.nio.fs=ALL-UNNAMED -Declipse.application=org.eclipse.jdt.ls.core.id1 -Dosgi.bundles.defaultStartLevel=4 -Declipse.product=org.eclipse.jdt.ls.core.product -Djava.import.generatesMetadataFilesAtProjectRoot=false -DDetectVMInstallationsJob.disabled=true -Dfile.encoding=utf8 -XX:+UseParallelGC -XX:GCTimeRatio=4 -XX:AdaptiveSizePolicyWeight=90 -Dsun.zip.disableMemoryMapping=true -Xmx2G -Xms100m -Xlog:disable -javaagent:c:\Users\USER\.cursor\extensions\redhat.java-1.53.0-win32-x64\lombok\lombok-1.18.39-4050.jar -XX:+HeapDumpOnOutOfMemoryError -XX:HeapDumpPath=c:\Users\USER\AppData\Roaming\Cursor\User\workspaceStorage\c24a9c9a986f40af2c2287fd199f902c\redhat.java -Daether.dependencyCollector.impl=bf c:\Users\USER\.cursor\extensions\redhat.java-1.53.0-win32-x64\server\plugins\org.eclipse.equinox.launcher_1.7.100.v20251111-0406.jar -configuration c:\Users\USER\AppData\Roaming\Cursor\User\globalStorage\redhat.java\1.53.0\config_win -data c:\Users\USER\AppData\Roaming\Cursor\User\workspaceStorage\c24a9c9a986f40af2c2287fd199f902c\redhat.java\jdt_ws --pipe=\\.\pipe\lsp-9ea0d40de34a51c9efd39c17e3e30077-sock

Host: 11th Gen Intel(R) Core(TM) i3-1115G4 @ 3.00GHz, 4 cores, 3G,  Windows 11 , 64 bit Build 22621 (10.0.22621.5415)
Time: Mon Mar  2 10:17:29 2026 Sri Lanka Standard Time elapsed time: 2960.947393 seconds (0d 0h 49m 20s)

---------------  T H R E A D  ---------------

Current thread (0x000001c59b1b03c0):  JavaThread "Attach Listener" daemon [_thread_in_vm, id=15140, stack(0x000000679ca00000,0x000000679cb00000) (1024K)]

Stack: [0x000000679ca00000,0x000000679cb00000]
Native frames: (J=compiled Java code, j=interpreted, Vv=VM code, C=native code)
V  [jvm.dll+0x6d7a39]
V  [jvm.dll+0x8b4b26]
V  [jvm.dll+0x8b70de]
V  [jvm.dll+0x8b77c3]
V  [jvm.dll+0x284346]
V  [jvm.dll+0xc1277]
V  [jvm.dll+0x6d82e9]
V  [jvm.dll+0x1334a6]
V  [jvm.dll+0x3f857e]
V  [jvm.dll+0x85f59d]
V  [jvm.dll+0x6d626d]
C  [ucrtbase.dll+0x29333]
C  [KERNEL32.DLL+0x1259d]
C  [ntdll.dll+0x5af78]


---------------  P R O C E S S  ---------------

Threads class SMR info:
_java_thread_list=0x000001c5fa50a7d0, length=30, elements={
0x000001c59b2c4650, 0x000001c59b1ab610, 0x000001c59b1ad3a0, 0x000001c59b1af3b0,
0x000001c59b1b03c0, 0x000001c59b1b13d0, 0x000001c59b1b3130, 0x000001c59b1b6070,
0x000001c59b227b70, 0x000001c5f397d2f0, 0x000001c5f3ae4280, 0x000001c5f852cd70,
0x000001c5f3b26860, 0x000001c5f3a92b60, 0x000001c5f3973ae0, 0x000001c5f393fc80,
0x000001c5f3bc3c00, 0x000001c5f84cef00, 0x000001c5f97bb7a0, 0x000001c5f9b0b9a0,
0x000001c5f8cb0b20, 0x000001c5f8caf0e0, 0x000001c5f8cb11b0, 0x000001c5f8cafe00,
0x000001c5f9dcf1a0, 0x000001c5f9dd0550, 0x000001c5f9dcc3b0, 0x000001c5f9dd3340,
0x000001c5f9dd0be0, 0x000001c5fbb8f510
}

Java Threads: ( => current thread )
  0x000001c59b2c4650 JavaThread "main"                              [_thread_blocked, id=14840, stack(0x000000679c300000,0x000000679c400000) (1024K)]
  0x000001c59b1ab610 JavaThread "Reference Handler"          daemon [_thread_blocked, id=7076, stack(0x000000679c700000,0x000000679c800000) (1024K)]
  0x000001c59b1ad3a0 JavaThread "Finalizer"                  daemon [_thread_blocked, id=16228, stack(0x000000679c800000,0x000000679c900000) (1024K)]
  0x000001c59b1af3b0 JavaThread "Signal Dispatcher"          daemon [_thread_blocked, id=15344, stack(0x000000679c900000,0x000000679ca00000) (1024K)]
=>0x000001c59b1b03c0 JavaThread "Attach Listener"            daemon [_thread_in_vm, id=15140, stack(0x000000679ca00000,0x000000679cb00000) (1024K)]
  0x000001c59b1b13d0 JavaThread "Service Thread"             daemon [_thread_blocked, id=14344, stack(0x000000679cb00000,0x000000679cc00000) (1024K)]
  0x000001c59b1b3130 JavaThread "Monitor Deflation Thread"   daemon [_thread_blocked, id=17328, stack(0x000000679cc00000,0x000000679cd00000) (1024K)]
  0x000001c59b1b6070 JavaThread "C2 CompilerThread0"         daemon [_thread_blocked, id=17004, stack(0x000000679cd00000,0x000000679ce00000) (1024K)]
  0x000001c59b227b70 JavaThread "C1 CompilerThread0"         daemon [_thread_blocked, id=15144, stack(0x000000679ce00000,0x000000679cf00000) (1024K)]
  0x000001c5f397d2f0 JavaThread "Common-Cleaner"             daemon [_thread_blocked, id=15380, stack(0x000000679cf00000,0x000000679d000000) (1024K)]
  0x000001c5f3ae4280 JavaThread "Notification Thread"        daemon [_thread_blocked, id=11744, stack(0x000000679d000000,0x000000679d100000) (1024K)]
  0x000001c5f852cd70 JavaThread "Active Thread: Equinox Container: 18a063c2-13d0-437f-812f-df4331c9ecd6"        [_thread_blocked, id=10576, stack(0x000000679d400000,0x000000679d500000) (1024K)]
  0x000001c5f3b26860 JavaThread "Refresh Thread: Equinox Container: 18a063c2-13d0-437f-812f-df4331c9ecd6" daemon [_thread_blocked, id=15884, stack(0x000000679d500000,0x000000679d600000) (1024K)]
  0x000001c5f3a92b60 JavaThread "Framework Event Dispatcher: Equinox Container: 18a063c2-13d0-437f-812f-df4331c9ecd6" daemon [_thread_blocked, id=12864, stack(0x000000679d600000,0x000000679d700000) (1024K)]
  0x000001c5f3973ae0 JavaThread "Start Level: Equinox Container: 18a063c2-13d0-437f-812f-df4331c9ecd6" daemon [_thread_blocked, id=14468, stack(0x000000679d700000,0x000000679d800000) (1024K)]
  0x000001c5f393fc80 JavaThread "Bundle File Closer"         daemon [_thread_blocked, id=3192, stack(0x000000679d800000,0x000000679d900000) (1024K)]
  0x000001c5f3bc3c00 JavaThread "SCR Component Actor"        daemon [_thread_blocked, id=16332, stack(0x000000679c100000,0x000000679c200000) (1024K)]
  0x000001c5f84cef00 JavaThread "Worker-JM"                         [_thread_blocked, id=12756, stack(0x000000679c200000,0x000000679c300000) (1024K)]
  0x000001c5f97bb7a0 JavaThread "JNA Cleaner"                daemon [_thread_blocked, id=17292, stack(0x000000679da00000,0x000000679db00000) (1024K)]
  0x000001c5f9b0b9a0 JavaThread "Worker-0"                          [_thread_blocked, id=16860, stack(0x000000679db00000,0x000000679dc00000) (1024K)]
  0x000001c5f8cb0b20 JavaThread "Java indexing"              daemon [_thread_blocked, id=17008, stack(0x000000679dd00000,0x000000679de00000) (1024K)]
  0x000001c5f8caf0e0 JavaThread "Thread-1"                   daemon [_thread_in_native, id=15880, stack(0x000000679e100000,0x000000679e200000) (1024K)]
  0x000001c5f8cb11b0 JavaThread "Thread-2"                   daemon [_thread_in_native, id=3028, stack(0x000000679e200000,0x000000679e300000) (1024K)]
  0x000001c5f8cafe00 JavaThread "Thread-3"                   daemon [_thread_in_native, id=17376, stack(0x000000679e300000,0x000000679e400000) (1024K)]
  0x000001c5f9dcf1a0 JavaThread "Thread-4"                   daemon [_thread_in_native, id=9960, stack(0x000000679e400000,0x000000679e500000) (1024K)]
  0x000001c5f9dd0550 JavaThread "Thread-5"                   daemon [_thread_in_native, id=12748, stack(0x000000679e500000,0x000000679e600000) (1024K)]
  0x000001c5f9dcc3b0 JavaThread "pool-2-thread-1"                   [_thread_blocked, id=6392, stack(0x000000679e600000,0x000000679e700000) (1024K)]
  0x000001c5f9dd3340 JavaThread "WorkspaceEventsHandler"            [_thread_blocked, id=11600, stack(0x000000679e700000,0x000000679e800000) (1024K)]
  0x000001c5f9dd0be0 JavaThread "pool-1-thread-1"                   [_thread_blocked, id=6460, stack(0x000000679e800000,0x000000679e900000) (1024K)]
  0x000001c5fbb8f510 JavaThread "Worker-14"                         [_thread_blocked, id=17536, stack(0x000000679ea00000,0x000000679eb00000) (1024K)]
Total: 30

Other Threads:
  0x000001c598f8e9d0 VMThread "VM Thread"                           [id=9436, stack(0x000000679c600000,0x000000679c700000) (1024K)]
  0x000001c59b32f220 WatcherThread "VM Periodic Task Thread"        [id=17212, stack(0x000000679c500000,0x000000679c600000) (1024K)]
  0x000001c59b2e2bc0 WorkerThread "GC Thread#0"                     [id=4108, stack(0x000000679c400000,0x000000679c500000) (1024K)]
  0x000001c5f82727c0 WorkerThread "GC Thread#1"                     [id=5388, stack(0x000000679d100000,0x000000679d200000) (1024K)]
  0x000001c5f8272b70 WorkerThread "GC Thread#2"                     [id=12956, stack(0x000000679d200000,0x000000679d300000) (1024K)]
  0x000001c5f84b9290 WorkerThread "GC Thread#3"                     [id=3700, stack(0x000000679d300000,0x000000679d400000) (1024K)]
Total: 6

Threads with active compile tasks:
Total: 0

VM state: not at safepoint (normal execution)

VM Mutex/Monitor currently owned by a thread: None

Heap address: 0x0000000080000000, size: 2048 MB, Compressed Oops mode: 32-bit

CDS archive(s) mapped at: [0x000001c5b2000000-0x000001c5b2ba0000-0x000001c5b2ba0000), size 12189696, SharedBaseAddress: 0x000001c5b2000000, ArchiveRelocationMode: 1.
Compressed class space mapped at: 0x000001c5b3000000-0x000001c5f3000000, reserved size: 1073741824
Narrow klass base: 0x000001c5b2000000, Narrow klass shift: 0, Narrow klass range: 0x100000000

GC Precious Log:
 CardTable entry size: 512
 CPUs: 4 total, 4 available
 Memory: 3818M
 Large Page Support: Disabled
 NUMA Support: Disabled
 Compressed Oops: Enabled (32-bit)
 Alignments: Space 512K, Generation 512K, Heap 2M
 Heap Min Capacity: 100M
 Heap Initial Capacity: 100M
 Heap Max Capacity: 2G
 Pre-touch: Disabled
 Parallel Workers: 4

Heap:
 PSYoungGen      total 1536K, used 803K [0x00000000d5580000, 0x00000000d5780000, 0x0000000100000000)
  eden space 1024K, 65% used [0x00000000d5580000,0x00000000d5628dc8,0x00000000d5680000)
  from space 512K, 25% used [0x00000000d5700000,0x00000000d5720000,0x00000000d5780000)
  to   space 512K, 0% used [0x00000000d5680000,0x00000000d5680000,0x00000000d5700000)
 ParOldGen       total 412160K, used 410826K [0x0000000080000000, 0x0000000099280000, 0x00000000d5580000)
  object space 412160K, 99% used [0x0000000080000000,0x0000000099132908,0x0000000099280000)
 Metaspace       used 68154K, committed 69696K, reserved 1114112K
  class space    used 7040K, committed 7744K, reserved 1048576K

Card table byte_map: [0x000001c59ac60000,0x000001c59b070000] _byte_map_base: 0x000001c59a860000

Marking Bits: (ParMarkBitMap*) 0x00007fffe7e23450
 Begin Bits: [0x000001c5ad770000, 0x000001c5af770000)
 End Bits:   [0x000001c5af770000, 0x000001c5b1770000)

Polling page: 0x000001c599140000

Metaspace:

Usage:
  Non-class:     59.68 MB used.
      Class:      6.88 MB used.
       Both:     66.56 MB used.

Virtual space:
  Non-class space:       64.00 MB reserved,      60.50 MB ( 95%) committed,  1 nodes.
      Class space:        1.00 GB reserved,       7.56 MB ( <1%) committed,  1 nodes.
             Both:        1.06 GB reserved,      68.06 MB (  6%) committed. 

Chunk freelists:
   Non-Class:  2.82 MB
       Class:  8.42 MB
        Both:  11.24 MB

MaxMetaspaceSize: unlimited
CompressedClassSpaceSize: 1.00 GB
Initial GC threshold: 21.00 MB
Current GC threshold: 97.31 MB
CDS: on
 - commit_granule_bytes: 65536.
 - commit_granule_words: 8192.
 - virtual_space_node_default_size: 8388608.
 - enlarge_chunks_in_place: 1.
 - use_allocation_guard: 0.


Internal statistics:

num_allocs_failed_limit: 13.
num_arena_births: 1322.
num_arena_deaths: 14.
num_vsnodes_births: 2.
num_vsnodes_deaths: 0.
num_space_committed: 1089.
num_space_uncommitted: 0.
num_chunks_returned_to_freelist: 27.
num_chunks_taken_from_freelist: 4595.
num_chunk_merges: 16.
num_chunk_splits: 2801.
num_chunks_enlarged: 1554.
num_inconsistent_stats: 0.

CodeHeap 'non-profiled nmethods': size=120000Kb used=10085Kb max_used=10085Kb free=109914Kb
 bounds [0x000001c5a5f90000, 0x000001c5a6970000, 0x000001c5ad4c0000]
CodeHeap 'profiled nmethods': size=120000Kb used=32774Kb max_used=32774Kb free=87225Kb
 bounds [0x000001c59e4c0000, 0x000001c5a04d0000, 0x000001c5a59f0000]
CodeHeap 'non-nmethods': size=5760Kb used=1447Kb max_used=1521Kb free=4312Kb
 bounds [0x000001c5a59f0000, 0x000001c5a5c60000, 0x000001c5a5f90000]
CodeCache: size=245760Kb, used=44306Kb, max_used=44380Kb, free=201451Kb
 total_blobs=14432, nmethods=13686, adapters=651, full_count=0
Compilation: enabled, stopped_count=0, restarted_count=0

Compilation events (20 events):
Event: 2303.246 Thread 0x000001c59b227b70 14477       3       java.util.concurrent.ScheduledThreadPoolExecutor$DelayedWorkQueue::add (6 bytes)
Event: 2303.246 Thread 0x000001c59b227b70 nmethod 14477 0x000001c5a04bdd10 code [0x000001c5a04bdec0, 0x000001c5a04be018]
Event: 2323.269 Thread 0x000001c59b227b70 14478       3       java.util.concurrent.ScheduledThreadPoolExecutor$ScheduledFutureTask::run (57 bytes)
Event: 2323.276 Thread 0x000001c59b227b70 nmethod 14478 0x000001c5a04be110 code [0x000001c5a04be340, 0x000001c5a04be8b0]
Event: 2343.274 Thread 0x000001c59b227b70 14479       3       java.util.concurrent.locks.AbstractQueuedSynchronizer$ConditionObject::unlinkCancelledWaiters (91 bytes)
Event: 2343.280 Thread 0x000001c59b227b70 nmethod 14479 0x000001c5a04bea90 code [0x000001c5a04bec40, 0x000001c5a04befd0]
Event: 2503.571 Thread 0x000001c59b227b70 14480       1       org.eclipse.jdt.ls.core.internal.LanguageServerApplication::getParentProcessId (5 bytes)
Event: 2503.588 Thread 0x000001c59b227b70 nmethod 14480 0x000001c5a6968c10 code [0x000001c5a6968da0, 0x000001c5a6968e68]
Event: 2503.590 Thread 0x000001c59b1b6070 14481       4       java.util.concurrent.locks.AbstractQueuedSynchronizer::release (19 bytes)
Event: 2503.653 Thread 0x000001c59b1b6070 nmethod 14481 0x000001c5a6968f10 code [0x000001c5a69690c0, 0x000001c5a6969270]
Event: 2604.817 Thread 0x000001c59b227b70 14482   !   3       java.util.logging.LogManager::ensureLogManagerInitialized (144 bytes)
Event: 2605.168 Thread 0x000001c59b227b70 nmethod 14482 0x000001c5a04bf110 code [0x000001c5a04bf420, 0x000001c5a04c0540]
Event: 2693.852 Thread 0x000001c59b227b70 14484       3       java.util.concurrent.locks.AbstractQueuedSynchronizer$Node::setStatusRelaxed (12 bytes)
Event: 2693.938 Thread 0x000001c59b227b70 nmethod 14484 0x000001c5a04c0b10 code [0x000001c5a04c0ca0, 0x000001c5a04c0db8]
Event: 2845.011 Thread 0x000001c59b227b70 14485       3       java.lang.Module::getClassLoader (20 bytes)
Event: 2845.025 Thread 0x000001c59b227b70 nmethod 14485 0x000001c5a04c0e90 code [0x000001c5a04c1040, 0x000001c5a04c1238]
Event: 2905.034 Thread 0x000001c59b227b70 14486       1       com.sun.jna.internal.Cleaner::access$100 (5 bytes)
Event: 2905.047 Thread 0x000001c59b227b70 nmethod 14486 0x000001c5a6969410 code [0x000001c5a69695a0, 0x000001c5a6969650]
Event: 2949.215 Thread 0x000001c59b227b70 14487       3       org.eclipse.core.internal.resources.ResourceInfo::shareStrings (43 bytes)
Event: 2949.368 Thread 0x000001c59b227b70 nmethod 14487 0x000001c5a04c1310 code [0x000001c5a04c14e0, 0x000001c5a04c1780]

GC Heap History (20 events):
Event: 839.053 GC heap before
{Heap before GC invocations=312 (full 3):
 PSYoungGen      total 1536K, used 1068K [0x00000000d5580000, 0x00000000d5800000, 0x0000000100000000)
  eden space 512K, 100% used [0x00000000d5580000,0x00000000d5600000,0x00000000d5600000)
  from space 1024K, 54% used [0x00000000d5700000,0x00000000d578b190,0x00000000d5800000)
  to   space 1024K, 0% used [0x00000000d5600000,0x00000000d5600000,0x00000000d5700000)
 ParOldGen       total 378368K, used 377760K [0x0000000080000000, 0x0000000097180000, 0x00000000d5580000)
  object space 378368K, 99% used [0x0000000080000000,0x00000000970e8028,0x0000000097180000)
 Metaspace       used 68047K, committed 69632K, reserved 1114112K
  class space    used 7040K, committed 7744K, reserved 1048576K
}
Event: 839.060 GC heap after
{Heap after GC invocations=312 (full 3):
 PSYoungGen      total 1536K, used 589K [0x00000000d5580000, 0x00000000d5800000, 0x0000000100000000)
  eden space 512K, 0% used [0x00000000d5580000,0x00000000d5580000,0x00000000d5600000)
  from space 1024K, 57% used [0x00000000d5600000,0x00000000d56935c0,0x00000000d5700000)
  to   space 1024K, 0% used [0x00000000d5700000,0x00000000d5700000,0x00000000d5800000)
 ParOldGen       total 378368K, used 378224K [0x0000000080000000, 0x0000000097180000, 0x00000000d5580000)
  object space 378368K, 99% used [0x0000000080000000,0x000000009715c250,0x0000000097180000)
 Metaspace       used 68047K, committed 69632K, reserved 1114112K
  class space    used 7040K, committed 7744K, reserved 1048576K
}
Event: 839.095 GC heap before
{Heap before GC invocations=313 (full 3):
 PSYoungGen      total 1536K, used 1101K [0x00000000d5580000, 0x00000000d5800000, 0x0000000100000000)
  eden space 512K, 100% used [0x00000000d5580000,0x00000000d5600000,0x00000000d5600000)
  from space 1024K, 57% used [0x00000000d5600000,0x00000000d56935c0,0x00000000d5700000)
  to   space 1024K, 0% used [0x00000000d5700000,0x00000000d5700000,0x00000000d5800000)
 ParOldGen       total 378368K, used 378224K [0x0000000080000000, 0x0000000097180000, 0x00000000d5580000)
  object space 378368K, 99% used [0x0000000080000000,0x000000009715c250,0x0000000097180000)
 Metaspace       used 68047K, committed 69632K, reserved 1114112K
  class space    used 7040K, committed 7744K, reserved 1048576K
}
Event: 839.101 GC heap after
{Heap after GC invocations=313 (full 3):
 PSYoungGen      total 1536K, used 600K [0x00000000d5580000, 0x00000000d5800000, 0x0000000100000000)
  eden space 512K, 0% used [0x00000000d5580000,0x00000000d5580000,0x00000000d5600000)
  from space 1024K, 58% used [0x00000000d5700000,0x00000000d57962e0,0x00000000d5800000)
  to   space 1024K, 0% used [0x00000000d5600000,0x00000000d5600000,0x00000000d5700000)
 ParOldGen       total 378880K, used 378705K [0x0000000080000000, 0x0000000097200000, 0x00000000d5580000)
  object space 378880K, 99% used [0x0000000080000000,0x00000000971d4598,0x0000000097200000)
 Metaspace       used 68047K, committed 69632K, reserved 1114112K
  class space    used 7040K, committed 7744K, reserved 1048576K
}
Event: 839.117 GC heap before
{Heap before GC invocations=314 (full 3):
 PSYoungGen      total 1536K, used 1112K [0x00000000d5580000, 0x00000000d5800000, 0x0000000100000000)
  eden space 512K, 100% used [0x00000000d5580000,0x00000000d5600000,0x00000000d5600000)
  from space 1024K, 58% used [0x00000000d5700000,0x00000000d57962e0,0x00000000d5800000)
  to   space 1024K, 0% used [0x00000000d5600000,0x00000000d5600000,0x00000000d5700000)
 ParOldGen       total 378880K, used 378705K [0x0000000080000000, 0x0000000097200000, 0x00000000d5580000)
  object space 378880K, 99% used [0x0000000080000000,0x00000000971d4598,0x0000000097200000)
 Metaspace       used 68047K, committed 69632K, reserved 1114112K
  class space    used 7040K, committed 7744K, reserved 1048576K
}
Event: 839.121 GC heap after
{Heap after GC invocations=314 (full 3):
 PSYoungGen      total 1536K, used 486K [0x00000000d5580000, 0x00000000d5800000, 0x0000000100000000)
  eden space 512K, 0% used [0x00000000d5580000,0x00000000d5580000,0x00000000d5600000)
  from space 1024K, 47% used [0x00000000d5600000,0x00000000d5679af8,0x00000000d5700000)
  to   space 1024K, 0% used [0x00000000d5700000,0x00000000d5700000,0x00000000d5800000)
 ParOldGen       total 379392K, used 379192K [0x0000000080000000, 0x0000000097280000, 0x00000000d5580000)
  object space 379392K, 99% used [0x0000000080000000,0x000000009724e040,0x0000000097280000)
 Metaspace       used 68047K, committed 69632K, reserved 1114112K
  class space    used 7040K, committed 7744K, reserved 1048576K
}
Event: 839.135 GC heap before
{Heap before GC invocations=315 (full 3):
 PSYoungGen      total 1536K, used 998K [0x00000000d5580000, 0x00000000d5800000, 0x0000000100000000)
  eden space 512K, 100% used [0x00000000d5580000,0x00000000d5600000,0x00000000d5600000)
  from space 1024K, 47% used [0x00000000d5600000,0x00000000d5679af8,0x00000000d5700000)
  to   space 1024K, 0% used [0x00000000d5700000,0x00000000d5700000,0x00000000d5800000)
 ParOldGen       total 379392K, used 379192K [0x0000000080000000, 0x0000000097280000, 0x00000000d5580000)
  object space 379392K, 99% used [0x0000000080000000,0x000000009724e040,0x0000000097280000)
 Metaspace       used 68047K, committed 69632K, reserved 1114112K
  class space    used 7040K, committed 7744K, reserved 1048576K
}
Event: 839.140 GC heap after
{Heap after GC invocations=315 (full 3):
 PSYoungGen      total 1536K, used 224K [0x00000000d5580000, 0x00000000d5780000, 0x0000000100000000)
  eden space 1024K, 0% used [0x00000000d5580000,0x00000000d5580000,0x00000000d5680000)
  from space 512K, 43% used [0x00000000d5700000,0x00000000d5738000,0x00000000d5780000)
  to   space 512K, 0% used [0x00000000d5680000,0x00000000d5680000,0x00000000d5700000)
 ParOldGen       total 379904K, used 379618K [0x0000000080000000, 0x0000000097300000, 0x00000000d5580000)
  object space 379904K, 99% used [0x0000000080000000,0x00000000972b88d8,0x0000000097300000)
 Metaspace       used 68047K, committed 69632K, reserved 1114112K
  class space    used 7040K, committed 7744K, reserved 1048576K
}
Event: 839.187 GC heap before
{Heap before GC invocations=316 (full 3):
 PSYoungGen      total 1536K, used 1248K [0x00000000d5580000, 0x00000000d5780000, 0x0000000100000000)
  eden space 1024K, 100% used [0x00000000d5580000,0x00000000d5680000,0x00000000d5680000)
  from space 512K, 43% used [0x00000000d5700000,0x00000000d5738000,0x00000000d5780000)
  to   space 512K, 0% used [0x00000000d5680000,0x00000000d5680000,0x00000000d5700000)
 ParOldGen       total 379904K, used 379618K [0x0000000080000000, 0x0000000097300000, 0x00000000d5580000)
  object space 379904K, 99% used [0x0000000080000000,0x00000000972b88d8,0x0000000097300000)
 Metaspace       used 68050K, committed 69696K, reserved 1114112K
  class space    used 7040K, committed 7744K, reserved 1048576K
}
Event: 839.189 GC heap after
{Heap after GC invocations=316 (full 3):
 PSYoungGen      total 1536K, used 256K [0x00000000d5580000, 0x00000000d5780000, 0x0000000100000000)
  eden space 1024K, 0% used [0x00000000d5580000,0x00000000d5580000,0x00000000d5680000)
  from space 512K, 50% used [0x00000000d5680000,0x00000000d56c0000,0x00000000d5700000)
  to   space 512K, 0% used [0x00000000d5700000,0x00000000d5700000,0x00000000d5780000)
 ParOldGen       total 379904K, used 379746K [0x0000000080000000, 0x0000000097300000, 0x00000000d5580000)
  object space 379904K, 99% used [0x0000000080000000,0x00000000972d88d8,0x0000000097300000)
 Metaspace       used 68050K, committed 69696K, reserved 1114112K
  class space    used 7040K, committed 7744K, reserved 1048576K
}
Event: 842.001 GC heap before
{Heap before GC invocations=317 (full 3):
 PSYoungGen      total 1536K, used 1280K [0x00000000d5580000, 0x00000000d5780000, 0x0000000100000000)
  eden space 1024K, 100% used [0x00000000d5580000,0x00000000d5680000,0x00000000d5680000)
  from space 512K, 50% used [0x00000000d5680000,0x00000000d56c0000,0x00000000d5700000)
  to   space 512K, 0% used [0x00000000d5700000,0x00000000d5700000,0x00000000d5780000)
 ParOldGen       total 379904K, used 379746K [0x0000000080000000, 0x0000000097300000, 0x00000000d5580000)
  object space 379904K, 99% used [0x0000000080000000,0x00000000972d88d8,0x0000000097300000)
 Metaspace       used 68057K, committed 69696K, reserved 1114112K
  class space    used 7040K, committed 7744K, reserved 1048576K
}
Event: 842.011 GC heap after
{Heap after GC invocations=317 (full 3):
 PSYoungGen      total 1536K, used 192K [0x00000000d5580000, 0x00000000d5780000, 0x0000000100000000)
  eden space 1024K, 0% used [0x00000000d5580000,0x00000000d5580000,0x00000000d5680000)
  from space 512K, 37% used [0x00000000d5700000,0x00000000d5730000,0x00000000d5780000)
  to   space 512K, 0% used [0x00000000d5680000,0x00000000d5680000,0x00000000d5700000)
 ParOldGen       total 380416K, used 379914K [0x0000000080000000, 0x0000000097380000, 0x00000000d5580000)
  object space 380416K, 99% used [0x0000000080000000,0x00000000973028d8,0x0000000097380000)
 Metaspace       used 68057K, committed 69696K, reserved 1114112K
  class space    used 7040K, committed 7744K, reserved 1048576K
}
Event: 842.412 GC heap before
{Heap before GC invocations=318 (full 3):
 PSYoungGen      total 1536K, used 1216K [0x00000000d5580000, 0x00000000d5780000, 0x0000000100000000)
  eden space 1024K, 100% used [0x00000000d5580000,0x00000000d5680000,0x00000000d5680000)
  from space 512K, 37% used [0x00000000d5700000,0x00000000d5730000,0x00000000d5780000)
  to   space 512K, 0% used [0x00000000d5680000,0x00000000d5680000,0x00000000d5700000)
 ParOldGen       total 412160K, used 410634K [0x0000000080000000, 0x0000000099280000, 0x00000000d5580000)
  object space 412160K, 99% used [0x0000000080000000,0x0000000099102908,0x0000000099280000)
 Metaspace       used 68070K, committed 69696K, reserved 1114112K
  class space    used 7040K, committed 7744K, reserved 1048576K
}
Event: 842.417 GC heap after
{Heap after GC invocations=318 (full 3):
 PSYoungGen      total 1536K, used 128K [0x00000000d5580000, 0x00000000d5780000, 0x0000000100000000)
  eden space 1024K, 0% used [0x00000000d5580000,0x00000000d5580000,0x00000000d5680000)
  from space 512K, 25% used [0x00000000d5680000,0x00000000d56a0000,0x00000000d5700000)
  to   space 512K, 0% used [0x00000000d5700000,0x00000000d5700000,0x00000000d5780000)
 ParOldGen       total 412160K, used 410706K [0x0000000080000000, 0x0000000099280000, 0x00000000d5580000)
  object space 412160K, 99% used [0x0000000080000000,0x0000000099114908,0x0000000099280000)
 Metaspace       used 68070K, committed 69696K, reserved 1114112K
  class space    used 7040K, committed 7744K, reserved 1048576K
}
Event: 843.089 GC heap before
{Heap before GC invocations=319 (full 3):
 PSYoungGen      total 1536K, used 1151K [0x00000000d5580000, 0x00000000d5780000, 0x0000000100000000)
  eden space 1024K, 99% used [0x00000000d5580000,0x00000000d567fff0,0x00000000d5680000)
  from space 512K, 25% used [0x00000000d5680000,0x00000000d56a0000,0x00000000d5700000)
  to   space 512K, 0% used [0x00000000d5700000,0x00000000d5700000,0x00000000d5780000)
 ParOldGen       total 412160K, used 410706K [0x0000000080000000, 0x0000000099280000, 0x00000000d5580000)
  object space 412160K, 99% used [0x0000000080000000,0x0000000099114908,0x0000000099280000)
 Metaspace       used 68079K, committed 69696K, reserved 1114112K
  class space    used 7040K, committed 7744K, reserved 1048576K
}
Event: 843.106 GC heap after
{Heap after GC invocations=319 (full 3):
 PSYoungGen      total 1536K, used 128K [0x00000000d5580000, 0x00000000d5780000, 0x0000000100000000)
  eden space 1024K, 0% used [0x00000000d5580000,0x00000000d5580000,0x00000000d5680000)
  from space 512K, 25% used [0x00000000d5700000,0x00000000d5720000,0x00000000d5780000)
  to   space 512K, 0% used [0x00000000d5680000,0x00000000d5680000,0x00000000d5700000)
 ParOldGen       total 412160K, used 410738K [0x0000000080000000, 0x0000000099280000, 0x00000000d5580000)
  object space 412160K, 99% used [0x0000000080000000,0x000000009911c908,0x0000000099280000)
 Metaspace       used 68079K, committed 69696K, reserved 1114112K
  class space    used 7040K, committed 7744K, reserved 1048576K
}
Event: 844.930 GC heap before
{Heap before GC invocations=320 (full 3):
 PSYoungGen      total 1536K, used 1151K [0x00000000d5580000, 0x00000000d5780000, 0x0000000100000000)
  eden space 1024K, 99% used [0x00000000d5580000,0x00000000d567ff18,0x00000000d5680000)
  from space 512K, 25% used [0x00000000d5700000,0x00000000d5720000,0x00000000d5780000)
  to   space 512K, 0% used [0x00000000d5680000,0x00000000d5680000,0x00000000d5700000)
 ParOldGen       total 412160K, used 410738K [0x0000000080000000, 0x0000000099280000, 0x00000000d5580000)
  object space 412160K, 99% used [0x0000000080000000,0x000000009911c908,0x0000000099280000)
 Metaspace       used 68094K, committed 69696K, reserved 1114112K
  class space    used 7040K, committed 7744K, reserved 1048576K
}
Event: 844.944 GC heap after
{Heap after GC invocations=320 (full 3):
 PSYoungGen      total 1536K, used 192K [0x00000000d5580000, 0x00000000d5780000, 0x0000000100000000)
  eden space 1024K, 0% used [0x00000000d5580000,0x00000000d5580000,0x00000000d5680000)
  from space 512K, 37% used [0x00000000d5680000,0x00000000d56b0000,0x00000000d5700000)
  to   space 512K, 0% used [0x00000000d5700000,0x00000000d5700000,0x00000000d5780000)
 ParOldGen       total 412160K, used 410754K [0x0000000080000000, 0x0000000099280000, 0x00000000d5580000)
  object space 412160K, 99% used [0x0000000080000000,0x0000000099120908,0x0000000099280000)
 Metaspace       used 68094K, committed 69696K, reserved 1114112K
  class space    used 7040K, committed 7744K, reserved 1048576K
}
Event: 2046.222 GC heap before
{Heap before GC invocations=321 (full 3):
 PSYoungGen      total 1536K, used 1214K [0x00000000d5580000, 0x00000000d5780000, 0x0000000100000000)
  eden space 1024K, 99% used [0x00000000d5580000,0x00000000d567fa10,0x00000000d5680000)
  from space 512K, 37% used [0x00000000d5680000,0x00000000d56b0000,0x00000000d5700000)
  to   space 512K, 0% used [0x00000000d5700000,0x00000000d5700000,0x00000000d5780000)
 ParOldGen       total 412160K, used 410754K [0x0000000080000000, 0x0000000099280000, 0x00000000d5580000)
  object space 412160K, 99% used [0x0000000080000000,0x0000000099120908,0x0000000099280000)
 Metaspace       used 68114K, committed 69696K, reserved 1114112K
  class space    used 7040K, committed 7744K, reserved 1048576K
}
Event: 2046.581 GC heap after
{Heap after GC invocations=321 (full 3):
 PSYoungGen      total 1536K, used 128K [0x00000000d5580000, 0x00000000d5780000, 0x0000000100000000)
  eden space 1024K, 0% used [0x00000000d5580000,0x00000000d5580000,0x00000000d5680000)
  from space 512K, 25% used [0x00000000d5700000,0x00000000d5720000,0x00000000d5780000)
  to   space 512K, 0% used [0x00000000d5680000,0x00000000d5680000,0x00000000d5700000)
 ParOldGen       total 412160K, used 410826K [0x0000000080000000, 0x0000000099280000, 0x00000000d5580000)
  object space 412160K, 99% used [0x0000000080000000,0x0000000099132908,0x0000000099280000)
 Metaspace       used 68114K, committed 69696K, reserved 1114112K
  class space    used 7040K, committed 7744K, reserved 1048576K
}

Dll operation events (10 events):
Event: 0.085 Loaded shared library c:\Users\USER\.cursor\extensions\redhat.java-1.53.0-win32-x64\jre\21.0.10-win32-x86_64\bin\java.dll
Event: 0.571 Loaded shared library c:\Users\USER\.cursor\extensions\redhat.java-1.53.0-win32-x64\jre\21.0.10-win32-x86_64\bin\zip.dll
Event: 0.592 Loaded shared library C:\Users\USER\.cursor\extensions\redhat.java-1.53.0-win32-x64\jre\21.0.10-win32-x86_64\bin\instrument.dll
Event: 0.596 Loaded shared library C:\Users\USER\.cursor\extensions\redhat.java-1.53.0-win32-x64\jre\21.0.10-win32-x86_64\bin\net.dll
Event: 0.598 Loaded shared library C:\Users\USER\.cursor\extensions\redhat.java-1.53.0-win32-x64\jre\21.0.10-win32-x86_64\bin\nio.dll
Event: 0.602 Loaded shared library C:\Users\USER\.cursor\extensions\redhat.java-1.53.0-win32-x64\jre\21.0.10-win32-x86_64\bin\zip.dll
Event: 0.625 Loaded shared library C:\Users\USER\.cursor\extensions\redhat.java-1.53.0-win32-x64\jre\21.0.10-win32-x86_64\bin\jimage.dll
Event: 0.950 Loaded shared library c:\Users\USER\.cursor\extensions\redhat.java-1.53.0-win32-x64\jre\21.0.10-win32-x86_64\bin\verify.dll
Event: 37.114 Loaded shared library C:\Users\USER\AppData\Roaming\Cursor\User\globalStorage\redhat.java\1.53.0\config_win\org.eclipse.equinox.launcher\org.eclipse.equinox.launcher.win32.win32.x86_64_1.3.0.v20260203-2149\eclipse_11919.dll
Event: 94.789 Loaded shared library C:\Users\USER\AppData\Local\Temp\jna-2614219\jna17944887460449759931.dll

Deoptimization events (20 events):
Event: 841.616 Thread 0x000001c5fbb8f510 Uncommon trap: trap_request=0xffffffd6 fr.pc=0x000001c5a69585b4 relative=0x0000000000000214
Event: 841.616 Thread 0x000001c5fbb8f510 Uncommon trap: reason=array_check action=maybe_recompile pc=0x000001c5a69585b4 method=java.util.HashMap.keysToArray([Ljava/lang/Object;)[Ljava/lang/Object; @ 62 c2
Event: 841.616 Thread 0x000001c5fbb8f510 DEOPT PACKING pc=0x000001c5a69585b4 sp=0x000000679eafda40
Event: 841.616 Thread 0x000001c5fbb8f510 DEOPT UNPACKING pc=0x000001c5a5a46da2 sp=0x000000679eafd9b8 mode 2
Event: 841.616 Thread 0x000001c5fbb8f510 Uncommon trap: trap_request=0xffffffd6 fr.pc=0x000001c5a69585b4 relative=0x0000000000000214
Event: 841.616 Thread 0x000001c5fbb8f510 Uncommon trap: reason=array_check action=maybe_recompile pc=0x000001c5a69585b4 method=java.util.HashMap.keysToArray([Ljava/lang/Object;)[Ljava/lang/Object; @ 62 c2
Event: 841.616 Thread 0x000001c5fbb8f510 DEOPT PACKING pc=0x000001c5a69585b4 sp=0x000000679eafda40
Event: 841.616 Thread 0x000001c5fbb8f510 DEOPT UNPACKING pc=0x000001c5a5a46da2 sp=0x000000679eafd9b8 mode 2
Event: 841.616 Thread 0x000001c5fbb8f510 Uncommon trap: trap_request=0xffffffd6 fr.pc=0x000001c5a69585b4 relative=0x0000000000000214
Event: 841.616 Thread 0x000001c5fbb8f510 Uncommon trap: reason=array_check action=maybe_recompile pc=0x000001c5a69585b4 method=java.util.HashMap.keysToArray([Ljava/lang/Object;)[Ljava/lang/Object; @ 62 c2
Event: 841.616 Thread 0x000001c5fbb8f510 DEOPT PACKING pc=0x000001c5a69585b4 sp=0x000000679eafda40
Event: 841.616 Thread 0x000001c5fbb8f510 DEOPT UNPACKING pc=0x000001c5a5a46da2 sp=0x000000679eafd9b8 mode 2
Event: 841.616 Thread 0x000001c5fbb8f510 Uncommon trap: trap_request=0xffffffd6 fr.pc=0x000001c5a69585b4 relative=0x0000000000000214
Event: 841.616 Thread 0x000001c5fbb8f510 Uncommon trap: reason=array_check action=maybe_recompile pc=0x000001c5a69585b4 method=java.util.HashMap.keysToArray([Ljava/lang/Object;)[Ljava/lang/Object; @ 62 c2
Event: 841.616 Thread 0x000001c5fbb8f510 DEOPT PACKING pc=0x000001c5a69585b4 sp=0x000000679eafda40
Event: 841.616 Thread 0x000001c5fbb8f510 DEOPT UNPACKING pc=0x000001c5a5a46da2 sp=0x000000679eafd9b8 mode 2
Event: 2041.515 Thread 0x000001c5fbb8ee80 Uncommon trap: trap_request=0xffffff45 fr.pc=0x000001c5a687fec8 relative=0x0000000000000188
Event: 2041.527 Thread 0x000001c5fbb8ee80 Uncommon trap: reason=unstable_if action=reinterpret pc=0x000001c5a687fec8 method=java.io.ObjectOutputStream$HandleTable.lookup(Ljava/lang/Object;)I @ 4 c2
Event: 2041.535 Thread 0x000001c5fbb8ee80 DEOPT PACKING pc=0x000001c5a687fec8 sp=0x000000679d9fe920
Event: 2041.539 Thread 0x000001c5fbb8ee80 DEOPT UNPACKING pc=0x000001c5a5a46da2 sp=0x000000679d9fe8b0 mode 2

Classes loaded (20 events):
Event: 411.899 Loading class java/util/function/LongFunction
Event: 411.901 Loading class java/util/function/LongFunction done
Event: 411.905 Loading class java/util/stream/Nodes$ConcNode
Event: 411.907 Loading class java/util/stream/Nodes$AbstractConcNode
Event: 411.910 Loading class java/util/stream/Nodes$AbstractConcNode done
Event: 411.910 Loading class java/util/stream/Nodes$ConcNode done
Event: 412.099 Loading class java/io/ObjectOutputStream$BlockDataOutputStream
Event: 412.103 Loading class java/io/ObjectOutputStream$BlockDataOutputStream done
Event: 412.103 Loading class java/io/ObjectOutputStream$HandleTable
Event: 412.104 Loading class java/io/ObjectOutputStream$HandleTable done
Event: 412.104 Loading class java/io/ObjectOutputStream$ReplaceTable
Event: 412.106 Loading class java/io/ObjectOutputStream$ReplaceTable done
Event: 756.054 Loading class jdk/internal/module/IllegalAccessLogger
Event: 756.060 Loading class jdk/internal/module/IllegalAccessLogger done
Event: 831.727 Loading class jdk/internal/module/IllegalAccessLogger
Event: 831.743 Loading class jdk/internal/module/IllegalAccessLogger done
Event: 832.590 Loading class java/util/concurrent/ConcurrentHashMap$KeySpliterator
Event: 832.612 Loading class java/util/concurrent/ConcurrentHashMap$KeySpliterator done
Event: 839.152 Loading class jdk/internal/module/IllegalAccessLogger
Event: 839.152 Loading class jdk/internal/module/IllegalAccessLogger done

Classes unloaded (7 events):
Event: 96.213 Thread 0x000001c598f8e9d0 Unloading class 0x000001c5b31b0c00 'java/lang/invoke/LambdaForm$MH+0x000001c5b31b0c00'
Event: 96.213 Thread 0x000001c598f8e9d0 Unloading class 0x000001c5b31b0800 'java/lang/invoke/LambdaForm$MH+0x000001c5b31b0800'
Event: 96.213 Thread 0x000001c598f8e9d0 Unloading class 0x000001c5b31b0400 'java/lang/invoke/LambdaForm$MH+0x000001c5b31b0400'
Event: 96.213 Thread 0x000001c598f8e9d0 Unloading class 0x000001c5b31b0000 'java/lang/invoke/LambdaForm$MH+0x000001c5b31b0000'
Event: 96.213 Thread 0x000001c598f8e9d0 Unloading class 0x000001c5b31afc00 'java/lang/invoke/LambdaForm$BMH+0x000001c5b31afc00'
Event: 96.213 Thread 0x000001c598f8e9d0 Unloading class 0x000001c5b31af800 'java/lang/invoke/LambdaForm$DMH+0x000001c5b31af800'
Event: 96.213 Thread 0x000001c598f8e9d0 Unloading class 0x000001c5b31ae400 'java/lang/invoke/LambdaForm$DMH+0x000001c5b31ae400'

Classes redefined (0 events):
No events

Internal exceptions (20 events):
Event: 808.736 Thread 0x000001c5fbb8f510 Exception <a 'java/lang/NoSuchMethodError'{0x00000000d5659448}: 'int java.lang.invoke.DirectMethodHandle$Holder.invokeStatic(java.lang.Object)'> (0x00000000d5659448) 
thrown [s\src\hotspot\share\interpreter\linkResolver.cpp, line 773]
Event: 828.170 Thread 0x000001c5fbb8f510 Exception <a 'sun/nio/fs/WindowsException'{0x00000000d5612da8}> (0x00000000d5612da8) 
thrown [s\src\hotspot\share\prims\jni.cpp, line 520]
Event: 828.321 Thread 0x000001c5fbb8c720 Exception <a 'sun/nio/fs/WindowsException'{0x00000000d561f650}> (0x00000000d561f650) 
thrown [s\src\hotspot\share\prims\jni.cpp, line 520]
Event: 828.341 Thread 0x000001c5fbb8c720 Exception <a 'sun/nio/fs/WindowsException'{0x00000000d56208b0}> (0x00000000d56208b0) 
thrown [s\src\hotspot\share\prims\jni.cpp, line 520]
Event: 828.444 Thread 0x000001c5f9dcd0d0 Exception <a 'sun/nio/fs/WindowsException'{0x00000000d5624d70}> (0x00000000d5624d70) 
thrown [s\src\hotspot\share\prims\jni.cpp, line 520]
Event: 828.461 Thread 0x000001c5f9dcd0d0 Exception <a 'sun/nio/fs/WindowsException'{0x00000000d5626f18}> (0x00000000d5626f18) 
thrown [s\src\hotspot\share\prims\jni.cpp, line 520]
Event: 828.513 Thread 0x000001c5f9dcd0d0 Exception <a 'sun/nio/fs/WindowsException'{0x00000000d562ad08}> (0x00000000d562ad08) 
thrown [s\src\hotspot\share\prims\jni.cpp, line 520]
Event: 828.531 Thread 0x000001c5f9dcd0d0 Exception <a 'sun/nio/fs/WindowsException'{0x00000000d562ce18}> (0x00000000d562ce18) 
thrown [s\src\hotspot\share\prims\jni.cpp, line 520]
Event: 828.546 Thread 0x000001c5f9dcd0d0 Exception <a 'sun/nio/fs/WindowsException'{0x00000000d562e760}> (0x00000000d562e760) 
thrown [s\src\hotspot\share\prims\jni.cpp, line 520]
Event: 829.359 Thread 0x000001c5f8cb0b20 Exception <a 'sun/nio/fs/WindowsException'{0x00000000d55872e8}> (0x00000000d55872e8) 
thrown [s\src\hotspot\share\prims\jni.cpp, line 520]
Event: 830.205 Thread 0x000001c5f8cb0b20 Implicit null exception at 0x000001c5a66b1700 to 0x000001c5a66b1e88
Event: 832.416 Thread 0x000001c5f9dce480 Exception <a 'java/lang/NoSuchMethodError'{0x00000000d55a1d20}: 'void java.lang.invoke.DirectMethodHandle$Holder.invokeStatic(java.lang.Object, int, java.lang.Object)'> (0x00000000d55a1d20) 
thrown [s\src\hotspot\share\interpreter\linkResolver.cpp, line 773]
Event: 835.322 Thread 0x000001c5fbb8f510 Exception <a 'java/lang/NoSuchMethodError'{0x00000000d564ebf0}: 'java.lang.Object java.lang.invoke.DirectMethodHandle$Holder.newInvokeSpecial(java.lang.Object, java.lang.Object, int, int, java.lang.Object)'> (0x00000000d564ebf0) 
thrown [s\src\hotspot\share\interpreter\linkResolver.cpp, line 773]
Event: 838.423 Thread 0x000001c5fbb8f510 Exception <a 'sun/nio/fs/WindowsException'{0x00000000d55ca7a0}> (0x00000000d55ca7a0) 
thrown [s\src\hotspot\share\prims\jni.cpp, line 520]
Event: 838.433 Thread 0x000001c5f9dcca40 Exception <a 'sun/nio/fs/WindowsException'{0x00000000d55cd0a0}> (0x00000000d55cd0a0) 
thrown [s\src\hotspot\share\prims\jni.cpp, line 520]
Event: 838.739 Thread 0x000001c5f9dcca40 Exception <a 'sun/nio/fs/WindowsException'{0x00000000d55ce308}> (0x00000000d55ce308) 
thrown [s\src\hotspot\share\prims\jni.cpp, line 520]
Event: 839.221 Thread 0x000001c5fbb8f510 Exception <a 'sun/nio/fs/WindowsException'{0x00000000d55bc3e0}> (0x00000000d55bc3e0) 
thrown [s\src\hotspot\share\prims\jni.cpp, line 520]
Event: 839.225 Thread 0x000001c5fbb8f510 Exception <a 'sun/nio/fs/WindowsException'{0x00000000d55bca10}> (0x00000000d55bca10) 
thrown [s\src\hotspot\share\prims\jni.cpp, line 520]
Event: 2039.907 Thread 0x000001c5fbb8ee80 Exception <a 'sun/nio/fs/WindowsException'{0x00000000d5645bf0}> (0x00000000d5645bf0) 
thrown [s\src\hotspot\share\prims\jni.cpp, line 520]
Event: 2040.200 Thread 0x000001c5fbb8ee80 Exception <a 'sun/nio/fs/WindowsException'{0x00000000d5646740}> (0x00000000d5646740) 
thrown [s\src\hotspot\share\prims\jni.cpp, line 520]

ZGC Phase Switch (0 events):
No events

VM Operations (20 events):
Event: 2481.424 Executing non-safepoint VM operation: HandshakeAllThreads (HandshakeForDeflation)
Event: 2481.597 Executing non-safepoint VM operation: HandshakeAllThreads (HandshakeForDeflation) done
Event: 2481.600 Executing non-safepoint VM operation: RendezvousGCThreads
Event: 2481.601 Executing non-safepoint VM operation: RendezvousGCThreads done
Event: 2661.521 Executing non-safepoint VM operation: HandshakeAllThreads (HandshakeForDeflation)
Event: 2661.576 Executing non-safepoint VM operation: HandshakeAllThreads (HandshakeForDeflation) done
Event: 2661.584 Executing non-safepoint VM operation: RendezvousGCThreads
Event: 2661.585 Executing non-safepoint VM operation: RendezvousGCThreads done
Event: 2721.646 Executing non-safepoint VM operation: HandshakeAllThreads (HandshakeForDeflation)
Event: 2721.659 Executing non-safepoint VM operation: HandshakeAllThreads (HandshakeForDeflation) done
Event: 2721.659 Executing non-safepoint VM operation: RendezvousGCThreads
Event: 2721.660 Executing non-safepoint VM operation: RendezvousGCThreads done
Event: 2781.635 Executing non-safepoint VM operation: HandshakeAllThreads (HandshakeForDeflation)
Event: 2781.636 Executing non-safepoint VM operation: HandshakeAllThreads (HandshakeForDeflation) done
Event: 2781.636 Executing non-safepoint VM operation: RendezvousGCThreads
Event: 2781.636 Executing non-safepoint VM operation: RendezvousGCThreads done
Event: 2948.799 Executing safepoint VM operation: Cleanup
Event: 2948.830 Executing safepoint VM operation: Cleanup done
Event: 2949.838 Executing safepoint VM operation: Cleanup
Event: 2949.841 Executing safepoint VM operation: Cleanup done

Memory protections (0 events):
No events

Nmethod flushes (20 events):
Event: 133.360 Thread 0x000001c598f8e9d0 flushing  nmethod 0x000001c59ee61010
Event: 133.360 Thread 0x000001c598f8e9d0 flushing  nmethod 0x000001c59ee61710
Event: 133.360 Thread 0x000001c598f8e9d0 flushing  nmethod 0x000001c59ee61d10
Event: 133.360 Thread 0x000001c598f8e9d0 flushing  nmethod 0x000001c59ee68410
Event: 133.360 Thread 0x000001c598f8e9d0 flushing  nmethod 0x000001c59ee9cd90
Event: 133.360 Thread 0x000001c598f8e9d0 flushing  nmethod 0x000001c59ee9dd90
Event: 133.360 Thread 0x000001c598f8e9d0 flushing  nmethod 0x000001c59ee9e810
Event: 133.360 Thread 0x000001c598f8e9d0 flushing  nmethod 0x000001c59ee9ec10
Event: 133.360 Thread 0x000001c598f8e9d0 flushing  nmethod 0x000001c59eea4510
Event: 133.360 Thread 0x000001c598f8e9d0 flushing  nmethod 0x000001c59eea5010
Event: 133.360 Thread 0x000001c598f8e9d0 flushing  nmethod 0x000001c59eea5510
Event: 133.360 Thread 0x000001c598f8e9d0 flushing  nmethod 0x000001c59eea5a90
Event: 133.360 Thread 0x000001c598f8e9d0 flushing  nmethod 0x000001c59eea6910
Event: 133.363 Thread 0x000001c598f8e9d0 flushing  nmethod 0x000001c59eea8e90
Event: 133.363 Thread 0x000001c598f8e9d0 flushing  nmethod 0x000001c59eea9690
Event: 133.363 Thread 0x000001c598f8e9d0 flushing  nmethod 0x000001c59eea9a90
Event: 133.363 Thread 0x000001c598f8e9d0 flushing  nmethod 0x000001c59eea9e10
Event: 133.363 Thread 0x000001c598f8e9d0 flushing  nmethod 0x000001c59eeaa390
Event: 133.363 Thread 0x000001c598f8e9d0 flushing  nmethod 0x000001c59eebd490
Event: 133.363 Thread 0x000001c598f8e9d0 flushing  nmethod 0x000001c59eebd810

Events (20 events):
Event: 828.373 Thread 0x000001c5f9dcd0d0 Thread added: 0x000001c5f9dd1900
Event: 831.811 Thread 0x000001c5fbb8f510 Thread added: 0x000001c5f9dce480
Event: 835.624 Thread 0x000001c5fbb8f510 Thread added: 0x000001c5f9dcfec0
Event: 836.235 Thread 0x000001c5fbb8f510 Thread added: 0x000001c5f8cb0490
Event: 2011.593 Thread 0x000001c5f9dce480 Thread exited: 0x000001c5f9dce480
Event: 2011.706 Thread 0x000001c5f9dcca40 Thread exited: 0x000001c5f9dcca40
Event: 2027.909 Thread 0x000001c5fbb8e160 Thread exited: 0x000001c5fbb8e160
Event: 2038.500 Thread 0x000001c5fbb8ee80 Thread added: 0x000001c5f8caf770
Event: 2039.231 Thread 0x000001c5f8caf770 Thread exited: 0x000001c5f8caf770
Event: 2040.347 Thread 0x000001c5fbb8ee80 Thread added: 0x000001c5f8caf770
Event: 2040.501 Thread 0x000001c5f8caf770 Thread exited: 0x000001c5f8caf770
Event: 2048.525 Thread 0x000001c5fbb8c090 Thread exited: 0x000001c5fbb8c090
Event: 2071.702 Thread 0x000001c5f9dd1900 Thread exited: 0x000001c5f9dd1900
Event: 2109.803 Thread 0x000001c5fbb8ee80 Thread exited: 0x000001c5fbb8ee80
Event: 2132.201 Thread 0x000001c5fbb8c720 Thread exited: 0x000001c5fbb8c720
Event: 2191.995 Thread 0x000001c5f9dcd0d0 Thread exited: 0x000001c5f9dcd0d0
Event: 2240.595 Thread 0x000001c5fbb8cdb0 Thread exited: 0x000001c5fbb8cdb0
Event: 2249.627 Thread 0x000001c5f9dcfec0 Thread exited: 0x000001c5f9dcfec0
Event: 2250.183 Thread 0x000001c5fbb8d440 Thread exited: 0x000001c5fbb8d440
Event: 2250.421 Thread 0x000001c5f8cb0490 Thread exited: 0x000001c5f8cb0490


Dynamic libraries:
0x00007ff7bbc90000 - 0x00007ff7bbc9e000 	c:\Users\USER\.cursor\extensions\redhat.java-1.53.0-win32-x64\jre\21.0.10-win32-x86_64\bin\java.exe
0x00007ff848450000 - 0x00007ff848668000 	C:\WINDOWS\SYSTEM32\ntdll.dll
0x00007ff846e10000 - 0x00007ff846ed4000 	C:\WINDOWS\System32\KERNEL32.DLL
0x00007ff845af0000 - 0x00007ff845ec3000 	C:\WINDOWS\System32\KERNELBASE.dll
0x00007ff845ed0000 - 0x00007ff845fe1000 	C:\WINDOWS\System32\ucrtbase.dll
0x00007ff83ea20000 - 0x00007ff83ea38000 	c:\Users\USER\.cursor\extensions\redhat.java-1.53.0-win32-x64\jre\21.0.10-win32-x86_64\bin\jli.dll
0x00007ff846b20000 - 0x00007ff846cd2000 	C:\WINDOWS\System32\USER32.dll
0x00007ff845560000 - 0x00007ff845586000 	C:\WINDOWS\System32\win32u.dll
0x00007ff846430000 - 0x00007ff846459000 	C:\WINDOWS\System32\GDI32.dll
0x00007ff8455c0000 - 0x00007ff8456db000 	C:\WINDOWS\System32\gdi32full.dll
0x00007ff845a50000 - 0x00007ff845aea000 	C:\WINDOWS\System32\msvcp_win.dll
0x00007ff81ffb0000 - 0x00007ff81ffce000 	c:\Users\USER\.cursor\extensions\redhat.java-1.53.0-win32-x64\jre\21.0.10-win32-x86_64\bin\VCRUNTIME140.dll
0x00007ff82d580000 - 0x00007ff82d81c000 	C:\WINDOWS\WinSxS\amd64_microsoft.windows.common-controls_6595b64144ccf1df_6.0.22621.6060_none_2712eda17382d24b\COMCTL32.dll
0x00007ff847e40000 - 0x00007ff847ee7000 	C:\WINDOWS\System32\msvcrt.dll
0x00007ff8463f0000 - 0x00007ff846421000 	C:\WINDOWS\System32\IMM32.DLL
0x00007ff823690000 - 0x00007ff82369c000 	c:\Users\USER\.cursor\extensions\redhat.java-1.53.0-win32-x64\jre\21.0.10-win32-x86_64\bin\vcruntime140_1.dll
0x00007ffff92f0000 - 0x00007ffff937d000 	c:\Users\USER\.cursor\extensions\redhat.java-1.53.0-win32-x64\jre\21.0.10-win32-x86_64\bin\msvcp140.dll
0x00007fffe7160000 - 0x00007fffe7f01000 	c:\Users\USER\.cursor\extensions\redhat.java-1.53.0-win32-x64\jre\21.0.10-win32-x86_64\bin\server\jvm.dll
0x00007ff8460f0000 - 0x00007ff8461a1000 	C:\WINDOWS\System32\ADVAPI32.dll
0x00007ff8461b0000 - 0x00007ff846258000 	C:\WINDOWS\System32\sechost.dll
0x00007ff845590000 - 0x00007ff8455b8000 	C:\WINDOWS\System32\bcrypt.dll
0x00007ff8462d0000 - 0x00007ff8463e8000 	C:\WINDOWS\System32\RPCRT4.dll
0x00007ff847d50000 - 0x00007ff847dc1000 	C:\WINDOWS\System32\WS2_32.dll
0x00007ff845430000 - 0x00007ff84547d000 	C:\WINDOWS\SYSTEM32\POWRPROF.dll
0x00007ff838bd0000 - 0x00007ff838c04000 	C:\WINDOWS\SYSTEM32\WINMM.dll
0x00007ff8312b0000 - 0x00007ff8312ba000 	C:\WINDOWS\SYSTEM32\VERSION.dll
0x00007ff845410000 - 0x00007ff845423000 	C:\WINDOWS\SYSTEM32\UMPDC.dll
0x00007ff844540000 - 0x00007ff844558000 	C:\WINDOWS\SYSTEM32\kernel.appcore.dll
0x00007ff822f20000 - 0x00007ff822f2a000 	c:\Users\USER\.cursor\extensions\redhat.java-1.53.0-win32-x64\jre\21.0.10-win32-x86_64\bin\jimage.dll
0x00007ff842d80000 - 0x00007ff842fb3000 	C:\WINDOWS\SYSTEM32\DBGHELP.DLL
0x00007ff847ef0000 - 0x00007ff848281000 	C:\WINDOWS\System32\combase.dll
0x00007ff847c60000 - 0x00007ff847d38000 	C:\WINDOWS\System32\OLEAUT32.dll
0x00007ff825100000 - 0x00007ff825132000 	C:\WINDOWS\SYSTEM32\dbgcore.DLL
0x00007ff845ff0000 - 0x00007ff84606b000 	C:\WINDOWS\System32\bcryptPrimitives.dll
0x00007ff820140000 - 0x00007ff82014f000 	c:\Users\USER\.cursor\extensions\redhat.java-1.53.0-win32-x64\jre\21.0.10-win32-x86_64\bin\instrument.dll
0x00007ff81ff90000 - 0x00007ff81ffb0000 	c:\Users\USER\.cursor\extensions\redhat.java-1.53.0-win32-x64\jre\21.0.10-win32-x86_64\bin\java.dll
0x00007ff847300000 - 0x00007ff847b9c000 	C:\WINDOWS\System32\SHELL32.dll
0x00007ff845850000 - 0x00007ff84598f000 	C:\WINDOWS\System32\wintypes.dll
0x00007ff843460000 - 0x00007ff843d7a000 	C:\WINDOWS\SYSTEM32\windows.storage.dll
0x00007ff848300000 - 0x00007ff848404000 	C:\WINDOWS\System32\SHCORE.dll
0x00007ff846260000 - 0x00007ff8462c9000 	C:\WINDOWS\System32\shlwapi.dll
0x00007ff845490000 - 0x00007ff8454b5000 	C:\WINDOWS\SYSTEM32\profapi.dll
0x00007ff81ff40000 - 0x00007ff81ff58000 	c:\Users\USER\.cursor\extensions\redhat.java-1.53.0-win32-x64\jre\21.0.10-win32-x86_64\bin\zip.dll
0x00007ff8092e0000 - 0x00007ff8092f0000 	C:\Users\USER\.cursor\extensions\redhat.java-1.53.0-win32-x64\jre\21.0.10-win32-x86_64\bin\net.dll
0x00007ff83b4d0000 - 0x00007ff83b5fc000 	C:\WINDOWS\SYSTEM32\WINHTTP.dll
0x00007ff844a20000 - 0x00007ff844a89000 	C:\WINDOWS\system32\mswsock.dll
0x00007ff809250000 - 0x00007ff809266000 	C:\Users\USER\.cursor\extensions\redhat.java-1.53.0-win32-x64\jre\21.0.10-win32-x86_64\bin\nio.dll
0x00007ff809240000 - 0x00007ff809250000 	c:\Users\USER\.cursor\extensions\redhat.java-1.53.0-win32-x64\jre\21.0.10-win32-x86_64\bin\verify.dll
0x00007ff801aa0000 - 0x00007ff801ae5000 	C:\Users\USER\AppData\Roaming\Cursor\User\globalStorage\redhat.java\1.53.0\config_win\org.eclipse.equinox.launcher\org.eclipse.equinox.launcher.win32.win32.x86_64_1.3.0.v20260203-2149\eclipse_11919.dll
0x00007ff847150000 - 0x00007ff8472f1000 	C:\WINDOWS\System32\ole32.dll
0x00007ff844c80000 - 0x00007ff844c9b000 	C:\WINDOWS\SYSTEM32\CRYPTSP.dll
0x00007ff8444a0000 - 0x00007ff8444d7000 	C:\WINDOWS\system32\rsaenh.dll
0x00007ff844b10000 - 0x00007ff844b38000 	C:\WINDOWS\SYSTEM32\USERENV.dll
0x00007ff844c70000 - 0x00007ff844c7c000 	C:\WINDOWS\SYSTEM32\CRYPTBASE.dll
0x00007ff843fd0000 - 0x00007ff843ffd000 	C:\WINDOWS\SYSTEM32\IPHLPAPI.DLL
0x00007ff847d40000 - 0x00007ff847d49000 	C:\WINDOWS\System32\NSI.dll
0x00007ff801a00000 - 0x00007ff801a49000 	C:\Users\USER\AppData\Local\Temp\jna-2614219\jna17944887460449759931.dll
0x00007ff846950000 - 0x00007ff846958000 	C:\WINDOWS\System32\PSAPI.DLL
0x00007ff83ba30000 - 0x00007ff83ba49000 	C:\WINDOWS\SYSTEM32\dhcpcsvc6.DLL
0x00007ff83b6b0000 - 0x00007ff83b6cf000 	C:\WINDOWS\SYSTEM32\dhcpcsvc.DLL

JVMTI agents:
c:\Users\USER\.cursor\extensions\redhat.java-1.53.0-win32-x64\lombok\lombok-1.18.39-4050.jar path:c:\Users\USER\.cursor\extensions\redhat.java-1.53.0-win32-x64\jre\21.0.10-win32-x86_64\bin\instrument.dll, loaded, initialized, instrumentlib options:none

dbghelp: loaded successfully - version: 4.0.5 - missing functions: none
symbol engine: initialized successfully - sym options: 0x614 - pdb path: .;c:\Users\USER\.cursor\extensions\redhat.java-1.53.0-win32-x64\jre\21.0.10-win32-x86_64\bin;C:\WINDOWS\SYSTEM32;C:\WINDOWS\WinSxS\amd64_microsoft.windows.common-controls_6595b64144ccf1df_6.0.22621.6060_none_2712eda17382d24b;c:\Users\USER\.cursor\extensions\redhat.java-1.53.0-win32-x64\jre\21.0.10-win32-x86_64\bin\server;C:\Users\USER\AppData\Roaming\Cursor\User\globalStorage\redhat.java\1.53.0\config_win\org.eclipse.equinox.launcher\org.eclipse.equinox.launcher.win32.win32.x86_64_1.3.0.v20260203-2149;C:\Users\USER\AppData\Local\Temp\jna-2614219

VM Arguments:
jvm_args: --add-modules=ALL-SYSTEM --add-opens=java.base/java.util=ALL-UNNAMED --add-opens=java.base/java.lang=ALL-UNNAMED --add-opens=java.base/sun.nio.fs=ALL-UNNAMED -Declipse.application=org.eclipse.jdt.ls.core.id1 -Dosgi.bundles.defaultStartLevel=4 -Declipse.product=org.eclipse.jdt.ls.core.product -Djava.import.generatesMetadataFilesAtProjectRoot=false -DDetectVMInstallationsJob.disabled=true -Dfile.encoding=utf8 -XX:+UseParallelGC -XX:GCTimeRatio=4 -XX:AdaptiveSizePolicyWeight=90 -Dsun.zip.disableMemoryMapping=true -Xmx2G -Xms100m -Xlog:disable -javaagent:c:\Users\USER\.cursor\extensions\redhat.java-1.53.0-win32-x64\lombok\lombok-1.18.39-4050.jar -XX:+HeapDumpOnOutOfMemoryError -XX:HeapDumpPath=c:\Users\USER\AppData\Roaming\Cursor\User\workspaceStorage\c24a9c9a986f40af2c2287fd199f902c\redhat.java -Daether.dependencyCollector.impl=bf 
java_command: c:\Users\USER\.cursor\extensions\redhat.java-1.53.0-win32-x64\server\plugins\org.eclipse.equinox.launcher_1.7.100.v20251111-0406.jar -configuration c:\Users\USER\AppData\Roaming\Cursor\User\globalStorage\redhat.java\1.53.0\config_win -data c:\Users\USER\AppData\Roaming\Cursor\User\workspaceStorage\c24a9c9a986f40af2c2287fd199f902c\redhat.java\jdt_ws --pipe=\\.\pipe\lsp-9ea0d40de34a51c9efd39c17e3e30077-sock
java_class_path (initial): c:\Users\USER\.cursor\extensions\redhat.java-1.53.0-win32-x64\server\plugins\org.eclipse.equinox.launcher_1.7.100.v20251111-0406.jar
Launcher Type: SUN_STANDARD

[Global flags]
    uintx AdaptiveSizePolicyWeight                 = 90                                        {product} {command line}
     intx CICompilerCount                          = 3                                         {product} {ergonomic}
    uintx GCTimeRatio                              = 4                                         {product} {command line}
     bool HeapDumpOnOutOfMemoryError               = true                                   {manageable} {command line}
    ccstr HeapDumpPath                             = c:\Users\USER\AppData\Roaming\Cursor\User\workspaceStorage\c24a9c9a986f40af2c2287fd199f902c\redhat.java         {manageable} {command line}
   size_t InitialHeapSize                          = 104857600                                 {product} {command line}
   size_t MaxHeapSize                              = 2147483648                                {product} {command line}
   size_t MaxNewSize                               = 715653120                                 {product} {ergonomic}
   size_t MinHeapDeltaBytes                        = 524288                                    {product} {ergonomic}
   size_t MinHeapSize                              = 104857600                                 {product} {command line}
   size_t NewSize                                  = 34603008                                  {product} {ergonomic}
    uintx NonNMethodCodeHeapSize                   = 5832780                                {pd product} {ergonomic}
    uintx NonProfiledCodeHeapSize                  = 122912730                              {pd product} {ergonomic}
   size_t OldSize                                  = 70254592                                  {product} {ergonomic}
    uintx ProfiledCodeHeapSize                     = 122912730                              {pd product} {ergonomic}
    uintx ReservedCodeCacheSize                    = 251658240                              {pd product} {ergonomic}
     bool SegmentedCodeCache                       = true                                      {product} {ergonomic}
   size_t SoftMaxHeapSize                          = 2147483648                             {manageable} {ergonomic}
     bool UseCompressedOops                        = true                           {product lp64_product} {ergonomic}
     bool UseLargePagesIndividualAllocation        = false                                  {pd product} {ergonomic}
     bool UseParallelGC                            = true                                      {product} {command line}

Logging:
Log output configuration:
 #0: stdout all=off uptime,level,tags foldmultilines=false
 #1: stderr all=off uptime,level,tags foldmultilines=false

Release file:
JAVA_VERSION="21.0.10" 
MODULES="java.base java.compiler java.datatransfer java.xml java.prefs java.desktop java.instrument java.logging java.management java.security.sasl java.naming java.rmi java.management.rmi java.net.http java.scripting java.security.jgss java.transaction.xa java.sql java.sql.rowset java.xml.crypto java.se java.smartcardio jdk.accessibility jdk.internal.jvmstat jdk.attach jdk.charsets jdk.internal.opt jdk.zipfs jdk.compiler jdk.crypto.ec jdk.crypto.cryptoki jdk.crypto.mscapi jdk.dynalink jdk.internal.ed jdk.editpad jdk.hotspot.agent jdk.httpserver jdk.internal.le jdk.internal.vm.ci jdk.internal.vm.compiler jdk.internal.vm.compiler.management jdk.jartool jdk.javadoc jdk.jcmd jdk.management jdk.management.agent jdk.jconsole jdk.jdeps jdk.jdwp.agent jdk.jdi jdk.jfr jdk.jshell jdk.jsobject jdk.jstatd jdk.localedata jdk.management.jfr jdk.naming.dns jdk.naming.rmi jdk.net jdk.nio.mapmode jdk.random jdk.sctp jdk.security.auth jdk.security.jgss jdk.unsupported jdk.unsupported.desktop jdk.xml.dom" 

Environment Variables:
JAVA_HOME=C:\Program Files\Java\jdk-17
PATH=C:\Program Files\Common Files\Oracle\Java\javapath;C:\WINDOWS\system32;C:\WINDOWS;C:\WINDOWS\System32\Wbem;C:\WINDOWS\System32\WindowsPowerShell\v1.0\;C:\WINDOWS\System32\OpenSSH\;C:\Program Files\Git\cmd;C:\Program Files (x86)\Microsoft SQL Server\160\Tools\Binn\;C:\Program Files\Microsoft SQL Server\160\Tools\Binn\;C:\Program Files\Microsoft SQL Server\Client SDK\ODBC\170\Tools\Binn\;C:\Program Files\Microsoft SQL Server\160\DTS\Binn\;C:\Program Files (x86)\Microsoft SQL Server\160\DTS\Binn\;C:\Program Files\Azure Data Studio\bin;C:\Program Files\apache-maven-3.9.9\bin;C:\Program Files\Java\jdk-17\bin;C:\Program Files\nodejs\;C:\Program Files\nodejs\node_modules\npm\bin;C:\Program Files\MySQL\MySQL Server 8.0\bin;C:\Program Files\MySQL\MySQL Shell 8.0\bin\;C:\Users\USER\AppData\Local\Programs\Python\Python313\Scripts\;C:\Users\USER\AppData\Local\Programs\Python\Python313\;C:\Users\USER\AppData\Local\Programs\Python\Launcher\;C:\Users\USER\AppData\Local\Microsoft\WindowsApps;C:\Users\USER\AppData\Local\Programs\Microsoft VS Code\bin;C:\Users\USER\AppData\Local\Programs\Python\Python313\Scripts;C:\Program Files\Java\jdk-24\bin;C:\Program Files\Azure Data Studio\bin;C:\Users\USER\AppData\Local\GitHubDesktop\bin;C:\Users\USER\AppData\Local\Programs\cursor\resources\app\bin;C:\Users\USER\AppData\Roaming\npm;C:\Program Files\nodejs\;
USERNAME=USER
OS=Windows_NT
PROCESSOR_IDENTIFIER=Intel64 Family 6 Model 140 Stepping 1, GenuineIntel
TMP=C:\Users\USER\AppData\Local\Temp
TEMP=C:\Users\USER\AppData\Local\Temp




Periodic native trim disabled

---------------  S Y S T E M  ---------------

OS:
 Windows 11 , 64 bit Build 22621 (10.0.22621.5415)
OS uptime: 0 days 1:31 hours

CPU: total 4 (initial active 4) (2 cores per cpu, 2 threads per core) family 6 model 140 stepping 1 microcode 0xbc, cx8, cmov, fxsr, ht, mmx, 3dnowpref, sse, sse2, sse3, ssse3, sse4.1, sse4.2, popcnt, lzcnt, tsc, tscinvbit, avx, avx2, aes, erms, clmul, bmi1, bmi2, adx, avx512f, avx512dq, avx512cd, avx512bw, avx512vl, sha, fma, vzeroupper, avx512_vpopcntdq, avx512_vpclmulqdq, avx512_vaes, avx512_vnni, clflush, clflushopt, clwb, avx512_vbmi2, avx512_vbmi, rdtscp, rdpid, fsrm, gfni, avx512_bitalg, f16c, pku, cet_ibt, cet_ss, avx512_ifma
Processor Information for the first 4 processors :
  Max Mhz: 2995, Current Mhz: 2995, Mhz Limit: 2995

Memory: 4k page, system-wide physical 3818M (261M free)
TotalPageFile size 15594M (AvailPageFile size 7M)
current process WorkingSet (physical memory assigned to process): 12M, peak: 246M
current process commit charge ("private bytes"): 692M, peak: 695M

vm_info: OpenJDK 64-Bit Server VM (21.0.10+7-LTS) for windows-amd64 JRE (21.0.10+7-LTS), built on 2026-01-20T00:00:00Z by "admin" with MS VC++ 17.12 (VS2022)

END.
